16 Aug 2021 14:36:14 FileHandler.py INFO [200-300]-32-All_MD5目录已存在
16 Aug 2021 14:36:14 FileHandler.py INFO [200-300]-32-All_FEATURE目录已存在
16 Aug 2021 14:36:14 PcapFileParser.py DEBUG App_Facebook_ViewAndComment_01_FU.pcapng文件处理完成，共包含12604个Block,12601个packet。其中有20个packet满足条件，并写入文件中
16 Aug 2021 14:36:14 PcapFileParser.py DEBUG App_Facebook_ViewAndComment_01_PH1.pcapng文件处理完成，共包含269个Block,266个packet。其中有18个packet满足条件，并写入文件中
16 Aug 2021 14:36:14 PcapFileParser.py DEBUG App_Facebook_ViewAndComment_01_PH2.pcapng文件处理完成，共包含8467个Block,8464个packet。其中有20个packet满足条件，并写入文件中
16 Aug 2021 14:36:14 PcapFileParser.py DEBUG App_Facebook_ViewAndComment_01_PH3.pcapng文件处理完成，共包含524个Block,521个packet。其中有20个packet满足条件，并写入文件中
16 Aug 2021 14:36:14 PcapFileParser.py DEBUG App_Facebook_ViewAndComment_01_PH4.pcapng文件处理完成，共包含1534个Block,1531个packet。其中有20个packet满足条件，并写入文件中
16 Aug 2021 14:36:14 PcapFileParser.py DEBUG App_Facebook_ViewAndComment_01_PH5.pcapng文件处理完成，共包含242个Block,239个packet。其中有18个packet满足条件，并写入文件中
16 Aug 2021 14:36:14 PcapFileParser.py DEBUG App_Facebook_ViewAndComment_01_PH6.pcapng文件处理完成，共包含27个Block,24个packet。其中有0个packet满足条件，并写入文件中
16 Aug 2021 14:36:14 PcapFileParser.py DEBUG App_Facebook_ViewAndComment_01_ST.pcapng文件处理完成，共包含12201个Block,12198个packet。其中有20个packet满足条件，并写入文件中
16 Aug 2021 14:36:14 PcapFileParser.py DEBUG BackgroundWithLeidian.pcapng文件处理完成，共包含5108个Block,5105个packet。其中有20个packet满足条件，并写入文件中
16 Aug 2021 14:36:14 PcapFileParser.py DEBUG BackgroundWithoutLeidian.pcapng文件处理完成，共包含13364个Block,13361个packet。其中有20个packet满足条件，并写入文件中
16 Aug 2021 14:36:14 FeatureHandler.py DEBUG C:\Users\a9241\Desktop\Learning materials\研究生\抓包任务20210611\FacebookCapture\App_Facebook_ViewAndComment_01\[200-300]-32-All_MD5目录下的json文件有：['App_Facebook_ViewAndComment_01_FU.json', 'App_Facebook_ViewAndComment_01_PH1.json', 'App_Facebook_ViewAndComment_01_PH2.json', 'App_Facebook_ViewAndComment_01_PH3.json', 'App_Facebook_ViewAndComment_01_PH4.json', 'App_Facebook_ViewAndComment_01_PH5.json', 'App_Facebook_ViewAndComment_01_PH6.json', 'App_Facebook_ViewAndComment_01_ST.json', 'BackgroundWithLeidian.json', 'BackgroundWithoutLeidian.json']
16 Aug 2021 14:36:14 FeatureHandler.py DEBUG App_Facebook_ViewAndComment_01_PH1文件中No.14与App_Facebook_ViewAndComment_01_FU文件中No.16md5值相同
16 Aug 2021 14:36:14 FeatureHandler.py DEBUG App_Facebook_ViewAndComment_01_PH1文件中No.16与App_Facebook_ViewAndComment_01_FU文件中No.18md5值相同
16 Aug 2021 14:36:14 FeatureHandler.py DEBUG App_Facebook_ViewAndComment_01_PH1文件中No.17与App_Facebook_ViewAndComment_01_FU文件中No.19md5值相同
16 Aug 2021 14:36:14 FeatureHandler.py DEBUG App_Facebook_ViewAndComment_01_PH1文件中No.20与App_Facebook_ViewAndComment_01_FU文件中No.22md5值相同
16 Aug 2021 14:36:14 FeatureHandler.py DEBUG App_Facebook_ViewAndComment_01_PH1文件中No.31与App_Facebook_ViewAndComment_01_FU文件中No.33md5值相同
16 Aug 2021 14:36:14 FeatureHandler.py DEBUG App_Facebook_ViewAndComment_01_PH1文件中No.46与App_Facebook_ViewAndComment_01_FU文件中No.48md5值相同
16 Aug 2021 14:36:14 FeatureHandler.py DEBUG App_Facebook_ViewAndComment_01_PH1文件中No.74与App_Facebook_ViewAndComment_01_FU文件中No.76md5值相同
16 Aug 2021 14:36:14 FeatureHandler.py DEBUG App_Facebook_ViewAndComment_01_PH1文件中No.76与App_Facebook_ViewAndComment_01_FU文件中No.78md5值相同
16 Aug 2021 14:36:14 FeatureHandler.py DEBUG App_Facebook_ViewAndComment_01_PH1文件中No.82与App_Facebook_ViewAndComment_01_FU文件中No.84md5值相同
16 Aug 2021 14:36:14 FeatureHandler.py DEBUG App_Facebook_ViewAndComment_01_PH1文件中No.85与App_Facebook_ViewAndComment_01_FU文件中No.87md5值相同
16 Aug 2021 14:36:14 FeatureHandler.py DEBUG App_Facebook_ViewAndComment_01_PH1文件中No.96与App_Facebook_ViewAndComment_01_FU文件中No.98md5值相同
16 Aug 2021 14:36:14 FeatureHandler.py DEBUG App_Facebook_ViewAndComment_01_PH1文件中No.105与App_Facebook_ViewAndComment_01_FU文件中No.107md5值相同
16 Aug 2021 14:36:14 FeatureHandler.py DEBUG App_Facebook_ViewAndComment_01_PH1文件中No.109与App_Facebook_ViewAndComment_01_FU文件中No.111md5值相同
16 Aug 2021 14:36:14 FeatureHandler.py DEBUG App_Facebook_ViewAndComment_01_PH1文件中No.132与App_Facebook_ViewAndComment_01_FU文件中No.134md5值相同
16 Aug 2021 14:36:14 FeatureHandler.py DEBUG App_Facebook_ViewAndComment_01_PH1文件中No.176与App_Facebook_ViewAndComment_01_FU文件中No.178md5值相同
16 Aug 2021 14:36:14 FeatureHandler.py DEBUG App_Facebook_ViewAndComment_01_PH1文件中No.193与App_Facebook_ViewAndComment_01_FU文件中No.195md5值相同
16 Aug 2021 14:36:14 FeatureHandler.py DEBUG App_Facebook_ViewAndComment_01_PH1文件中No.203与App_Facebook_ViewAndComment_01_FU文件中No.205md5值相同
16 Aug 2021 14:36:14 FeatureHandler.py DEBUG App_Facebook_ViewAndComment_01_PH1文件中No.212与App_Facebook_ViewAndComment_01_FU文件中No.214md5值相同
16 Aug 2021 14:36:14 FeatureHandler.py DEBUG App_Facebook_ViewAndComment_01_PH2文件中No.21与App_Facebook_ViewAndComment_01_ST文件中No.289md5值相同
16 Aug 2021 14:36:14 FeatureHandler.py DEBUG App_Facebook_ViewAndComment_01_PH2文件中No.27与App_Facebook_ViewAndComment_01_ST文件中No.295md5值相同
16 Aug 2021 14:36:14 FeatureHandler.py DEBUG App_Facebook_ViewAndComment_01_ST文件中No.14与App_Facebook_ViewAndComment_01_FU文件中No.16md5值相同
16 Aug 2021 14:36:14 FeatureHandler.py DEBUG App_Facebook_ViewAndComment_01_ST文件中No.16与App_Facebook_ViewAndComment_01_FU文件中No.18md5值相同
16 Aug 2021 14:36:14 FeatureHandler.py DEBUG App_Facebook_ViewAndComment_01_ST文件中No.17与App_Facebook_ViewAndComment_01_FU文件中No.19md5值相同
16 Aug 2021 14:36:14 FeatureHandler.py DEBUG App_Facebook_ViewAndComment_01_ST文件中No.20与App_Facebook_ViewAndComment_01_FU文件中No.22md5值相同
16 Aug 2021 14:36:14 FeatureHandler.py DEBUG App_Facebook_ViewAndComment_01_ST文件中No.31与App_Facebook_ViewAndComment_01_FU文件中No.33md5值相同
16 Aug 2021 14:36:14 FeatureHandler.py DEBUG App_Facebook_ViewAndComment_01_ST文件中No.46与App_Facebook_ViewAndComment_01_FU文件中No.48md5值相同
16 Aug 2021 14:36:14 FeatureHandler.py DEBUG App_Facebook_ViewAndComment_01_ST文件中No.74与App_Facebook_ViewAndComment_01_FU文件中No.76md5值相同
16 Aug 2021 14:36:14 FeatureHandler.py DEBUG App_Facebook_ViewAndComment_01_ST文件中No.76与App_Facebook_ViewAndComment_01_FU文件中No.78md5值相同
16 Aug 2021 14:36:14 FeatureHandler.py DEBUG App_Facebook_ViewAndComment_01_ST文件中No.82与App_Facebook_ViewAndComment_01_FU文件中No.84md5值相同
16 Aug 2021 14:36:14 FeatureHandler.py DEBUG App_Facebook_ViewAndComment_01_ST文件中No.85与App_Facebook_ViewAndComment_01_FU文件中No.87md5值相同
16 Aug 2021 14:36:14 FeatureHandler.py DEBUG App_Facebook_ViewAndComment_01_ST文件中No.96与App_Facebook_ViewAndComment_01_FU文件中No.98md5值相同
16 Aug 2021 14:36:14 FeatureHandler.py DEBUG App_Facebook_ViewAndComment_01_ST文件中No.105与App_Facebook_ViewAndComment_01_FU文件中No.107md5值相同
16 Aug 2021 14:36:14 FeatureHandler.py DEBUG App_Facebook_ViewAndComment_01_ST文件中No.109与App_Facebook_ViewAndComment_01_FU文件中No.111md5值相同
16 Aug 2021 14:36:14 FeatureHandler.py DEBUG App_Facebook_ViewAndComment_01_ST文件中No.132与App_Facebook_ViewAndComment_01_FU文件中No.134md5值相同
16 Aug 2021 14:36:14 FeatureHandler.py DEBUG App_Facebook_ViewAndComment_01_ST文件中No.176与App_Facebook_ViewAndComment_01_FU文件中No.178md5值相同
16 Aug 2021 14:36:14 FeatureHandler.py DEBUG App_Facebook_ViewAndComment_01_ST文件中No.193与App_Facebook_ViewAndComment_01_FU文件中No.195md5值相同
16 Aug 2021 14:36:14 FeatureHandler.py DEBUG App_Facebook_ViewAndComment_01_ST文件中No.203与App_Facebook_ViewAndComment_01_FU文件中No.205md5值相同
16 Aug 2021 14:36:14 FeatureHandler.py DEBUG App_Facebook_ViewAndComment_01_ST文件中No.212与App_Facebook_ViewAndComment_01_FU文件中No.214md5值相同
16 Aug 2021 14:36:14 FeatureHandler.py INFO [200-300]-32-All_MD5目录处理完成
16 Aug 2021 14:36:14 FeatureHandler.py INFO [200-300]-32-All_FEATURE目录处理完成
16 Aug 2021 14:36:14 FileHandler.py INFO [100-200]-32-All_MD5目录已存在
16 Aug 2021 14:36:14 FileHandler.py INFO [100-200]-32-All_FEATURE目录已存在
16 Aug 2021 14:36:14 PcapFileParser.py DEBUG App_Facebook_ViewAndComment_01_FU.pcapng文件处理完成，共包含12604个Block,12601个packet。其中有20个packet满足条件，并写入文件中
16 Aug 2021 14:36:14 PcapFileParser.py DEBUG App_Facebook_ViewAndComment_01_PH1.pcapng文件处理完成，共包含269个Block,266个packet。其中有14个packet满足条件，并写入文件中
16 Aug 2021 14:36:14 PcapFileParser.py DEBUG App_Facebook_ViewAndComment_01_PH2.pcapng文件处理完成，共包含8467个Block,8464个packet。其中有20个packet满足条件，并写入文件中
16 Aug 2021 14:36:14 PcapFileParser.py DEBUG App_Facebook_ViewAndComment_01_PH3.pcapng文件处理完成，共包含524个Block,521个packet。其中有18个packet满足条件，并写入文件中
16 Aug 2021 14:36:14 PcapFileParser.py DEBUG App_Facebook_ViewAndComment_01_PH4.pcapng文件处理完成，共包含1534个Block,1531个packet。其中有20个packet满足条件，并写入文件中
16 Aug 2021 14:36:14 PcapFileParser.py DEBUG App_Facebook_ViewAndComment_01_PH5.pcapng文件处理完成，共包含242个Block,239个packet。其中有16个packet满足条件，并写入文件中
16 Aug 2021 14:36:14 PcapFileParser.py DEBUG App_Facebook_ViewAndComment_01_PH6.pcapng文件处理完成，共包含27个Block,24个packet。其中有0个packet满足条件，并写入文件中
16 Aug 2021 14:36:14 PcapFileParser.py DEBUG App_Facebook_ViewAndComment_01_ST.pcapng文件处理完成，共包含12201个Block,12198个packet。其中有20个packet满足条件，并写入文件中
16 Aug 2021 14:36:15 PcapFileParser.py DEBUG BackgroundWithLeidian.pcapng文件处理完成，共包含5108个Block,5105个packet。其中有20个packet满足条件，并写入文件中
16 Aug 2021 14:36:15 PcapFileParser.py DEBUG BackgroundWithoutLeidian.pcapng文件处理完成，共包含13364个Block,13361个packet。其中有20个packet满足条件，并写入文件中
16 Aug 2021 14:36:15 FeatureHandler.py DEBUG C:\Users\a9241\Desktop\Learning materials\研究生\抓包任务20210611\FacebookCapture\App_Facebook_ViewAndComment_01\[100-200]-32-All_MD5目录下的json文件有：['App_Facebook_ViewAndComment_01_FU.json', 'App_Facebook_ViewAndComment_01_PH1.json', 'App_Facebook_ViewAndComment_01_PH2.json', 'App_Facebook_ViewAndComment_01_PH3.json', 'App_Facebook_ViewAndComment_01_PH4.json', 'App_Facebook_ViewAndComment_01_PH5.json', 'App_Facebook_ViewAndComment_01_PH6.json', 'App_Facebook_ViewAndComment_01_ST.json', 'BackgroundWithLeidian.json', 'BackgroundWithoutLeidian.json']
16 Aug 2021 14:36:15 FeatureHandler.py DEBUG App_Facebook_ViewAndComment_01_FU文件中No.56与App_Facebook_ViewAndComment_01_PH1文件中No.54md5值相同
16 Aug 2021 14:36:15 FeatureHandler.py DEBUG App_Facebook_ViewAndComment_01_FU文件中No.65与App_Facebook_ViewAndComment_01_PH1文件中No.63md5值相同
16 Aug 2021 14:36:15 FeatureHandler.py DEBUG App_Facebook_ViewAndComment_01_FU文件中No.71与App_Facebook_ViewAndComment_01_PH1文件中No.69md5值相同
16 Aug 2021 14:36:15 FeatureHandler.py DEBUG App_Facebook_ViewAndComment_01_FU文件中No.79与App_Facebook_ViewAndComment_01_PH1文件中No.77md5值相同
16 Aug 2021 14:36:15 FeatureHandler.py DEBUG App_Facebook_ViewAndComment_01_FU文件中No.85与App_Facebook_ViewAndComment_01_PH1文件中No.83md5值相同
16 Aug 2021 14:36:15 FeatureHandler.py DEBUG App_Facebook_ViewAndComment_01_FU文件中No.88与App_Facebook_ViewAndComment_01_PH1文件中No.86md5值相同
16 Aug 2021 14:36:15 FeatureHandler.py DEBUG App_Facebook_ViewAndComment_01_FU文件中No.94与App_Facebook_ViewAndComment_01_PH1文件中No.92md5值相同
16 Aug 2021 14:36:15 FeatureHandler.py DEBUG App_Facebook_ViewAndComment_01_FU文件中No.120与App_Facebook_ViewAndComment_01_PH1文件中No.118md5值相同
16 Aug 2021 14:36:15 FeatureHandler.py DEBUG App_Facebook_ViewAndComment_01_FU文件中No.127与App_Facebook_ViewAndComment_01_PH1文件中No.125md5值相同
16 Aug 2021 14:36:15 FeatureHandler.py DEBUG App_Facebook_ViewAndComment_01_FU文件中No.154与App_Facebook_ViewAndComment_01_PH1文件中No.152md5值相同
16 Aug 2021 14:36:15 FeatureHandler.py DEBUG App_Facebook_ViewAndComment_01_FU文件中No.170与App_Facebook_ViewAndComment_01_PH1文件中No.168md5值相同
16 Aug 2021 14:36:15 FeatureHandler.py DEBUG App_Facebook_ViewAndComment_01_FU文件中No.179与App_Facebook_ViewAndComment_01_PH1文件中No.177md5值相同
16 Aug 2021 14:36:15 FeatureHandler.py DEBUG App_Facebook_ViewAndComment_01_FU文件中No.192与App_Facebook_ViewAndComment_01_PH1文件中No.190md5值相同
16 Aug 2021 14:36:15 FeatureHandler.py DEBUG App_Facebook_ViewAndComment_01_FU文件中No.196与App_Facebook_ViewAndComment_01_PH1文件中No.194md5值相同
16 Aug 2021 14:36:15 FeatureHandler.py DEBUG App_Facebook_ViewAndComment_01_FU文件中No.237与BackgroundWithoutLeidian文件中No.1md5值相同
16 Aug 2021 14:36:15 FeatureHandler.py DEBUG App_Facebook_ViewAndComment_01_FU文件中No.237与BackgroundWithoutLeidian文件中No.30md5值相同
16 Aug 2021 14:36:15 FeatureHandler.py DEBUG App_Facebook_ViewAndComment_01_FU文件中No.237与BackgroundWithoutLeidian文件中No.68md5值相同
16 Aug 2021 14:36:15 FeatureHandler.py DEBUG App_Facebook_ViewAndComment_01_FU文件中No.242与BackgroundWithoutLeidian文件中No.1md5值相同
16 Aug 2021 14:36:15 FeatureHandler.py DEBUG App_Facebook_ViewAndComment_01_FU文件中No.242与BackgroundWithoutLeidian文件中No.30md5值相同
16 Aug 2021 14:36:15 FeatureHandler.py DEBUG App_Facebook_ViewAndComment_01_FU文件中No.242与BackgroundWithoutLeidian文件中No.68md5值相同
16 Aug 2021 14:36:15 FeatureHandler.py DEBUG App_Facebook_ViewAndComment_01_FU文件中No.248与BackgroundWithoutLeidian文件中No.1md5值相同
16 Aug 2021 14:36:15 FeatureHandler.py DEBUG App_Facebook_ViewAndComment_01_FU文件中No.248与BackgroundWithoutLeidian文件中No.30md5值相同
16 Aug 2021 14:36:15 FeatureHandler.py DEBUG App_Facebook_ViewAndComment_01_FU文件中No.248与BackgroundWithoutLeidian文件中No.68md5值相同
16 Aug 2021 14:36:15 FeatureHandler.py DEBUG App_Facebook_ViewAndComment_01_FU文件中No.276与BackgroundWithoutLeidian文件中No.1md5值相同
16 Aug 2021 14:36:15 FeatureHandler.py DEBUG App_Facebook_ViewAndComment_01_FU文件中No.276与BackgroundWithoutLeidian文件中No.30md5值相同
16 Aug 2021 14:36:15 FeatureHandler.py DEBUG App_Facebook_ViewAndComment_01_FU文件中No.276与BackgroundWithoutLeidian文件中No.68md5值相同
16 Aug 2021 14:36:15 FeatureHandler.py DEBUG App_Facebook_ViewAndComment_01_FU文件中No.324与BackgroundWithoutLeidian文件中No.1md5值相同
16 Aug 2021 14:36:15 FeatureHandler.py DEBUG App_Facebook_ViewAndComment_01_FU文件中No.324与BackgroundWithoutLeidian文件中No.30md5值相同
16 Aug 2021 14:36:15 FeatureHandler.py DEBUG App_Facebook_ViewAndComment_01_FU文件中No.324与BackgroundWithoutLeidian文件中No.68md5值相同
16 Aug 2021 14:36:15 FeatureHandler.py DEBUG App_Facebook_ViewAndComment_01_FU文件中No.326与BackgroundWithoutLeidian文件中No.1md5值相同
16 Aug 2021 14:36:15 FeatureHandler.py DEBUG App_Facebook_ViewAndComment_01_FU文件中No.326与BackgroundWithoutLeidian文件中No.30md5值相同
16 Aug 2021 14:36:15 FeatureHandler.py DEBUG App_Facebook_ViewAndComment_01_FU文件中No.326与BackgroundWithoutLeidian文件中No.68md5值相同
16 Aug 2021 14:36:15 FeatureHandler.py DEBUG App_Facebook_ViewAndComment_01_PH2文件中No.17与App_Facebook_ViewAndComment_01_ST文件中No.285md5值相同
16 Aug 2021 14:36:15 FeatureHandler.py DEBUG App_Facebook_ViewAndComment_01_PH2文件中No.30与App_Facebook_ViewAndComment_01_ST文件中No.298md5值相同
16 Aug 2021 14:36:15 FeatureHandler.py DEBUG App_Facebook_ViewAndComment_01_PH2文件中No.42与App_Facebook_ViewAndComment_01_ST文件中No.310md5值相同
16 Aug 2021 14:36:15 FeatureHandler.py DEBUG App_Facebook_ViewAndComment_01_PH2文件中No.68与App_Facebook_ViewAndComment_01_ST文件中No.336md5值相同
16 Aug 2021 14:36:15 FeatureHandler.py DEBUG App_Facebook_ViewAndComment_01_PH2文件中No.77与App_Facebook_ViewAndComment_01_ST文件中No.345md5值相同
16 Aug 2021 14:36:15 FeatureHandler.py DEBUG App_Facebook_ViewAndComment_01_PH2文件中No.85与App_Facebook_ViewAndComment_01_ST文件中No.353md5值相同
16 Aug 2021 14:36:15 FeatureHandler.py DEBUG App_Facebook_ViewAndComment_01_ST文件中No.54与App_Facebook_ViewAndComment_01_FU文件中No.56md5值相同
16 Aug 2021 14:36:15 FeatureHandler.py DEBUG App_Facebook_ViewAndComment_01_ST文件中No.63与App_Facebook_ViewAndComment_01_FU文件中No.65md5值相同
16 Aug 2021 14:36:15 FeatureHandler.py DEBUG App_Facebook_ViewAndComment_01_ST文件中No.69与App_Facebook_ViewAndComment_01_FU文件中No.71md5值相同
16 Aug 2021 14:36:15 FeatureHandler.py DEBUG App_Facebook_ViewAndComment_01_ST文件中No.77与App_Facebook_ViewAndComment_01_FU文件中No.79md5值相同
16 Aug 2021 14:36:15 FeatureHandler.py DEBUG App_Facebook_ViewAndComment_01_ST文件中No.83与App_Facebook_ViewAndComment_01_FU文件中No.85md5值相同
16 Aug 2021 14:36:15 FeatureHandler.py DEBUG App_Facebook_ViewAndComment_01_ST文件中No.86与App_Facebook_ViewAndComment_01_FU文件中No.88md5值相同
16 Aug 2021 14:36:15 FeatureHandler.py DEBUG App_Facebook_ViewAndComment_01_ST文件中No.92与App_Facebook_ViewAndComment_01_FU文件中No.94md5值相同
16 Aug 2021 14:36:15 FeatureHandler.py DEBUG App_Facebook_ViewAndComment_01_ST文件中No.118与App_Facebook_ViewAndComment_01_FU文件中No.120md5值相同
16 Aug 2021 14:36:15 FeatureHandler.py DEBUG App_Facebook_ViewAndComment_01_ST文件中No.125与App_Facebook_ViewAndComment_01_FU文件中No.127md5值相同
16 Aug 2021 14:36:15 FeatureHandler.py DEBUG App_Facebook_ViewAndComment_01_ST文件中No.152与App_Facebook_ViewAndComment_01_FU文件中No.154md5值相同
16 Aug 2021 14:36:15 FeatureHandler.py DEBUG App_Facebook_ViewAndComment_01_ST文件中No.168与App_Facebook_ViewAndComment_01_FU文件中No.170md5值相同
16 Aug 2021 14:36:15 FeatureHandler.py DEBUG App_Facebook_ViewAndComment_01_ST文件中No.177与App_Facebook_ViewAndComment_01_FU文件中No.179md5值相同
16 Aug 2021 14:36:15 FeatureHandler.py DEBUG App_Facebook_ViewAndComment_01_ST文件中No.190与App_Facebook_ViewAndComment_01_FU文件中No.192md5值相同
16 Aug 2021 14:36:15 FeatureHandler.py DEBUG App_Facebook_ViewAndComment_01_ST文件中No.194与App_Facebook_ViewAndComment_01_FU文件中No.196md5值相同
16 Aug 2021 14:36:15 FeatureHandler.py INFO [100-200]-32-All_MD5目录处理完成
16 Aug 2021 14:36:15 FeatureHandler.py INFO [100-200]-32-All_FEATURE目录处理完成
16 Aug 2021 14:36:29 FileHandler.py INFO [200-300]-32-All_MD5目录已存在
16 Aug 2021 14:36:29 FileHandler.py INFO [200-300]-32-All_FEATURE目录已存在
16 Aug 2021 14:36:29 PcapFileParser.py DEBUG App_Facebook_Post_01_FU.pcapng文件处理完成，共包含11782个Block,11779个packet。其中有20个packet满足条件，并写入文件中
16 Aug 2021 14:36:29 PcapFileParser.py DEBUG App_Facebook_Post_01_PH1.pcapng文件处理完成，共包含149个Block,147个packet。其中有10个packet满足条件，并写入文件中
16 Aug 2021 14:36:29 PcapFileParser.py DEBUG App_Facebook_Post_01_PH2.pcapng文件处理完成，共包含9681个Block,9679个packet。其中有20个packet满足条件，并写入文件中
16 Aug 2021 14:36:29 PcapFileParser.py DEBUG App_Facebook_Post_01_PH3.pcapng文件处理完成，共包含533个Block,531个packet。其中有20个packet满足条件，并写入文件中
16 Aug 2021 14:36:29 PcapFileParser.py DEBUG App_Facebook_Post_01_PH4.pcapng文件处理完成，共包含130个Block,128个packet。其中有9个packet满足条件，并写入文件中
16 Aug 2021 14:36:29 PcapFileParser.py DEBUG App_Facebook_Post_01_PH5.pcapng文件处理完成，共包含26个Block,24个packet。其中有0个packet满足条件，并写入文件中
16 Aug 2021 14:36:29 PcapFileParser.py DEBUG App_Facebook_Post_01_ST.pcapng文件处理完成，共包含10832个Block,10830个packet。其中有20个packet满足条件，并写入文件中
16 Aug 2021 14:36:29 PcapFileParser.py DEBUG BackgroundWithLeidian.pcapng文件处理完成，共包含26954个Block,26951个packet。其中有20个packet满足条件，并写入文件中
16 Aug 2021 14:36:29 FeatureHandler.py DEBUG C:\Users\a9241\Desktop\Learning materials\研究生\抓包任务20210611\FacebookCapture\App_Facebook_Post_01\[200-300]-32-All_MD5目录下的json文件有：['App_Facebook_Post_01_FU.json', 'App_Facebook_Post_01_PH1.json', 'App_Facebook_Post_01_PH2.json', 'App_Facebook_Post_01_PH3.json', 'App_Facebook_Post_01_PH4.json', 'App_Facebook_Post_01_PH5.json', 'App_Facebook_Post_01_ST.json', 'BackgroundWithLeidian.json']
16 Aug 2021 14:36:29 FeatureHandler.py DEBUG App_Facebook_Post_01_FU文件中No.14与App_Facebook_Post_01_PH1文件中No.10md5值相同
16 Aug 2021 14:36:29 FeatureHandler.py DEBUG App_Facebook_Post_01_FU文件中No.19与App_Facebook_Post_01_PH1文件中No.15md5值相同
16 Aug 2021 14:36:29 FeatureHandler.py DEBUG App_Facebook_Post_01_FU文件中No.28与App_Facebook_Post_01_PH1文件中No.20md5值相同
16 Aug 2021 14:36:29 FeatureHandler.py DEBUG App_Facebook_Post_01_FU文件中No.34与App_Facebook_Post_01_PH1文件中No.26md5值相同
16 Aug 2021 14:36:29 FeatureHandler.py DEBUG App_Facebook_Post_01_PH1文件中No.72与App_Facebook_Post_01_FU文件中No.95md5值相同
16 Aug 2021 14:36:29 FeatureHandler.py DEBUG App_Facebook_Post_01_PH1文件中No.79与App_Facebook_Post_01_FU文件中No.102md5值相同
16 Aug 2021 14:36:29 FeatureHandler.py DEBUG App_Facebook_Post_01_PH1文件中No.87与App_Facebook_Post_01_FU文件中No.110md5值相同
16 Aug 2021 14:36:29 FeatureHandler.py DEBUG App_Facebook_Post_01_PH1文件中No.90与App_Facebook_Post_01_FU文件中No.113md5值相同
16 Aug 2021 14:36:29 FeatureHandler.py DEBUG App_Facebook_Post_01_PH1文件中No.97与App_Facebook_Post_01_FU文件中No.120md5值相同
16 Aug 2021 14:36:29 FeatureHandler.py DEBUG App_Facebook_Post_01_PH1文件中No.115与App_Facebook_Post_01_FU文件中No.140md5值相同
16 Aug 2021 14:36:29 FeatureHandler.py DEBUG App_Facebook_Post_01_PH2文件中No.24与App_Facebook_Post_01_ST文件中No.172md5值相同
16 Aug 2021 14:36:29 FeatureHandler.py DEBUG App_Facebook_Post_01_PH2文件中No.36与App_Facebook_Post_01_ST文件中No.184md5值相同
16 Aug 2021 14:36:29 FeatureHandler.py DEBUG App_Facebook_Post_01_PH2文件中No.44与App_Facebook_Post_01_ST文件中No.192md5值相同
16 Aug 2021 14:36:29 FeatureHandler.py DEBUG App_Facebook_Post_01_PH2文件中No.79与App_Facebook_Post_01_ST文件中No.227md5值相同
16 Aug 2021 14:36:29 FeatureHandler.py DEBUG App_Facebook_Post_01_PH2文件中No.103与App_Facebook_Post_01_ST文件中No.251md5值相同
16 Aug 2021 14:36:29 FeatureHandler.py DEBUG App_Facebook_Post_01_PH2文件中No.104与App_Facebook_Post_01_ST文件中No.252md5值相同
16 Aug 2021 14:36:29 FeatureHandler.py DEBUG App_Facebook_Post_01_PH2文件中No.107与App_Facebook_Post_01_ST文件中No.255md5值相同
16 Aug 2021 14:36:29 FeatureHandler.py DEBUG App_Facebook_Post_01_PH2文件中No.121与App_Facebook_Post_01_ST文件中No.269md5值相同
16 Aug 2021 14:36:29 FeatureHandler.py DEBUG App_Facebook_Post_01_PH2文件中No.174与App_Facebook_Post_01_ST文件中No.322md5值相同
16 Aug 2021 14:36:29 FeatureHandler.py DEBUG App_Facebook_Post_01_PH2文件中No.184与App_Facebook_Post_01_ST文件中No.332md5值相同
16 Aug 2021 14:36:29 FeatureHandler.py DEBUG App_Facebook_Post_01_ST文件中No.10与App_Facebook_Post_01_FU文件中No.14md5值相同
16 Aug 2021 14:36:29 FeatureHandler.py DEBUG App_Facebook_Post_01_ST文件中No.15与App_Facebook_Post_01_FU文件中No.19md5值相同
16 Aug 2021 14:36:29 FeatureHandler.py DEBUG App_Facebook_Post_01_ST文件中No.20与App_Facebook_Post_01_FU文件中No.28md5值相同
16 Aug 2021 14:36:29 FeatureHandler.py DEBUG App_Facebook_Post_01_ST文件中No.26与App_Facebook_Post_01_FU文件中No.34md5值相同
16 Aug 2021 14:36:29 FeatureHandler.py DEBUG App_Facebook_Post_01_ST文件中No.72与App_Facebook_Post_01_FU文件中No.95md5值相同
16 Aug 2021 14:36:29 FeatureHandler.py DEBUG App_Facebook_Post_01_ST文件中No.79与App_Facebook_Post_01_FU文件中No.102md5值相同
16 Aug 2021 14:36:29 FeatureHandler.py DEBUG App_Facebook_Post_01_ST文件中No.87与App_Facebook_Post_01_FU文件中No.110md5值相同
16 Aug 2021 14:36:29 FeatureHandler.py DEBUG App_Facebook_Post_01_ST文件中No.90与App_Facebook_Post_01_FU文件中No.113md5值相同
16 Aug 2021 14:36:29 FeatureHandler.py DEBUG App_Facebook_Post_01_ST文件中No.97与App_Facebook_Post_01_FU文件中No.120md5值相同
16 Aug 2021 14:36:29 FeatureHandler.py DEBUG App_Facebook_Post_01_ST文件中No.115与App_Facebook_Post_01_FU文件中No.140md5值相同
16 Aug 2021 14:36:29 FeatureHandler.py INFO [200-300]-32-All_MD5目录处理完成
16 Aug 2021 14:36:29 FeatureHandler.py INFO [200-300]-32-All_FEATURE目录处理完成
16 Aug 2021 14:36:29 FileHandler.py INFO [100-200]-32-All_MD5目录已存在
16 Aug 2021 14:36:29 FileHandler.py INFO [100-200]-32-All_FEATURE目录已存在
16 Aug 2021 14:36:29 PcapFileParser.py DEBUG App_Facebook_Post_01_FU.pcapng文件处理完成，共包含11782个Block,11779个packet。其中有20个packet满足条件，并写入文件中
16 Aug 2021 14:36:29 PcapFileParser.py DEBUG App_Facebook_Post_01_PH1.pcapng文件处理完成，共包含149个Block,147个packet。其中有12个packet满足条件，并写入文件中
16 Aug 2021 14:36:29 PcapFileParser.py DEBUG App_Facebook_Post_01_PH2.pcapng文件处理完成，共包含9681个Block,9679个packet。其中有20个packet满足条件，并写入文件中
16 Aug 2021 14:36:29 PcapFileParser.py DEBUG App_Facebook_Post_01_PH3.pcapng文件处理完成，共包含533个Block,531个packet。其中有20个packet满足条件，并写入文件中
16 Aug 2021 14:36:29 PcapFileParser.py DEBUG App_Facebook_Post_01_PH4.pcapng文件处理完成，共包含130个Block,128个packet。其中有11个packet满足条件，并写入文件中
16 Aug 2021 14:36:29 PcapFileParser.py DEBUG App_Facebook_Post_01_PH5.pcapng文件处理完成，共包含26个Block,24个packet。其中有0个packet满足条件，并写入文件中
16 Aug 2021 14:36:29 PcapFileParser.py DEBUG App_Facebook_Post_01_ST.pcapng文件处理完成，共包含10832个Block,10830个packet。其中有20个packet满足条件，并写入文件中
16 Aug 2021 14:36:29 PcapFileParser.py DEBUG BackgroundWithLeidian.pcapng文件处理完成，共包含26954个Block,26951个packet。其中有20个packet满足条件，并写入文件中
16 Aug 2021 14:36:29 FeatureHandler.py DEBUG C:\Users\a9241\Desktop\Learning materials\研究生\抓包任务20210611\FacebookCapture\App_Facebook_Post_01\[100-200]-32-All_MD5目录下的json文件有：['App_Facebook_Post_01_FU.json', 'App_Facebook_Post_01_PH1.json', 'App_Facebook_Post_01_PH2.json', 'App_Facebook_Post_01_PH3.json', 'App_Facebook_Post_01_PH4.json', 'App_Facebook_Post_01_PH5.json', 'App_Facebook_Post_01_ST.json', 'BackgroundWithLeidian.json']
16 Aug 2021 14:36:29 FeatureHandler.py DEBUG App_Facebook_Post_01_PH1文件中No.38与App_Facebook_Post_01_FU文件中No.59md5值相同
16 Aug 2021 14:36:29 FeatureHandler.py DEBUG App_Facebook_Post_01_PH1文件中No.44与App_Facebook_Post_01_FU文件中No.65md5值相同
16 Aug 2021 14:36:29 FeatureHandler.py DEBUG App_Facebook_Post_01_PH1文件中No.50与App_Facebook_Post_01_FU文件中No.71md5值相同
16 Aug 2021 14:36:29 FeatureHandler.py DEBUG App_Facebook_Post_01_PH1文件中No.56与App_Facebook_Post_01_FU文件中No.77md5值相同
16 Aug 2021 14:36:29 FeatureHandler.py DEBUG App_Facebook_Post_01_PH1文件中No.59与App_Facebook_Post_01_FU文件中No.80md5值相同
16 Aug 2021 14:36:29 FeatureHandler.py DEBUG App_Facebook_Post_01_PH1文件中No.65与App_Facebook_Post_01_FU文件中No.86md5值相同
16 Aug 2021 14:36:29 FeatureHandler.py DEBUG App_Facebook_Post_01_PH1文件中No.73与App_Facebook_Post_01_FU文件中No.96md5值相同
16 Aug 2021 14:36:29 FeatureHandler.py DEBUG App_Facebook_Post_01_PH1文件中No.80与App_Facebook_Post_01_FU文件中No.103md5值相同
16 Aug 2021 14:36:29 FeatureHandler.py DEBUG App_Facebook_Post_01_PH1文件中No.83与App_Facebook_Post_01_FU文件中No.106md5值相同
16 Aug 2021 14:36:29 FeatureHandler.py DEBUG App_Facebook_Post_01_PH1文件中No.88与App_Facebook_Post_01_FU文件中No.111md5值相同
16 Aug 2021 14:36:29 FeatureHandler.py DEBUG App_Facebook_Post_01_PH1文件中No.91与App_Facebook_Post_01_FU文件中No.114md5值相同
16 Aug 2021 14:36:29 FeatureHandler.py DEBUG App_Facebook_Post_01_PH1文件中No.98与App_Facebook_Post_01_FU文件中No.121md5值相同
16 Aug 2021 14:36:29 FeatureHandler.py DEBUG App_Facebook_Post_01_PH2文件中No.12与App_Facebook_Post_01_ST文件中No.160md5值相同
16 Aug 2021 14:36:29 FeatureHandler.py DEBUG App_Facebook_Post_01_PH2文件中No.25与App_Facebook_Post_01_ST文件中No.173md5值相同
16 Aug 2021 14:36:29 FeatureHandler.py DEBUG App_Facebook_Post_01_PH2文件中No.30与App_Facebook_Post_01_ST文件中No.178md5值相同
16 Aug 2021 14:36:29 FeatureHandler.py DEBUG App_Facebook_Post_01_PH2文件中No.45与App_Facebook_Post_01_ST文件中No.193md5值相同
16 Aug 2021 14:36:29 FeatureHandler.py DEBUG App_Facebook_Post_01_PH2文件中No.57与App_Facebook_Post_01_ST文件中No.205md5值相同
16 Aug 2021 14:36:29 FeatureHandler.py DEBUG App_Facebook_Post_01_PH2文件中No.70与App_Facebook_Post_01_ST文件中No.218md5值相同
16 Aug 2021 14:36:29 FeatureHandler.py DEBUG App_Facebook_Post_01_PH2文件中No.89与App_Facebook_Post_01_ST文件中No.237md5值相同
16 Aug 2021 14:36:29 FeatureHandler.py DEBUG App_Facebook_Post_01_PH2文件中No.116与App_Facebook_Post_01_ST文件中No.264md5值相同
16 Aug 2021 14:36:29 FeatureHandler.py DEBUG App_Facebook_Post_01_ST文件中No.38与App_Facebook_Post_01_FU文件中No.59md5值相同
16 Aug 2021 14:36:29 FeatureHandler.py DEBUG App_Facebook_Post_01_ST文件中No.44与App_Facebook_Post_01_FU文件中No.65md5值相同
16 Aug 2021 14:36:29 FeatureHandler.py DEBUG App_Facebook_Post_01_ST文件中No.50与App_Facebook_Post_01_FU文件中No.71md5值相同
16 Aug 2021 14:36:29 FeatureHandler.py DEBUG App_Facebook_Post_01_ST文件中No.56与App_Facebook_Post_01_FU文件中No.77md5值相同
16 Aug 2021 14:36:29 FeatureHandler.py DEBUG App_Facebook_Post_01_ST文件中No.59与App_Facebook_Post_01_FU文件中No.80md5值相同
16 Aug 2021 14:36:29 FeatureHandler.py DEBUG App_Facebook_Post_01_ST文件中No.65与App_Facebook_Post_01_FU文件中No.86md5值相同
16 Aug 2021 14:36:29 FeatureHandler.py DEBUG App_Facebook_Post_01_ST文件中No.73与App_Facebook_Post_01_FU文件中No.96md5值相同
16 Aug 2021 14:36:29 FeatureHandler.py DEBUG App_Facebook_Post_01_ST文件中No.80与App_Facebook_Post_01_FU文件中No.103md5值相同
16 Aug 2021 14:36:29 FeatureHandler.py DEBUG App_Facebook_Post_01_ST文件中No.83与App_Facebook_Post_01_FU文件中No.106md5值相同
16 Aug 2021 14:36:29 FeatureHandler.py DEBUG App_Facebook_Post_01_ST文件中No.88与App_Facebook_Post_01_FU文件中No.111md5值相同
16 Aug 2021 14:36:29 FeatureHandler.py DEBUG App_Facebook_Post_01_ST文件中No.91与App_Facebook_Post_01_FU文件中No.114md5值相同
16 Aug 2021 14:36:29 FeatureHandler.py DEBUG App_Facebook_Post_01_ST文件中No.98与App_Facebook_Post_01_FU文件中No.121md5值相同
16 Aug 2021 14:36:29 FeatureHandler.py INFO [100-200]-32-All_MD5目录处理完成
16 Aug 2021 14:36:29 FeatureHandler.py INFO [100-200]-32-All_FEATURE目录处理完成
16 Aug 2021 14:37:05 FileHandler.py INFO [200-300]-32-All_MD5目录已存在
16 Aug 2021 14:37:05 FileHandler.py INFO [200-300]-32-All_FEATURE目录已存在
16 Aug 2021 14:37:05 PcapFileParser.py DEBUG App_Facebook_ViewAndComment_01_FU.pcapng文件处理完成，共包含12604个Block,12601个packet。其中有20个packet满足条件，并写入文件中
16 Aug 2021 14:37:05 PcapFileParser.py DEBUG App_Facebook_ViewAndComment_01_PH1.pcapng文件处理完成，共包含269个Block,266个packet。其中有18个packet满足条件，并写入文件中
16 Aug 2021 14:37:05 PcapFileParser.py DEBUG App_Facebook_ViewAndComment_01_PH2.pcapng文件处理完成，共包含8467个Block,8464个packet。其中有20个packet满足条件，并写入文件中
16 Aug 2021 14:37:05 PcapFileParser.py DEBUG App_Facebook_ViewAndComment_01_PH3.pcapng文件处理完成，共包含524个Block,521个packet。其中有20个packet满足条件，并写入文件中
16 Aug 2021 14:37:05 PcapFileParser.py DEBUG App_Facebook_ViewAndComment_01_PH4.pcapng文件处理完成，共包含1534个Block,1531个packet。其中有20个packet满足条件，并写入文件中
16 Aug 2021 14:37:05 PcapFileParser.py DEBUG App_Facebook_ViewAndComment_01_PH5.pcapng文件处理完成，共包含242个Block,239个packet。其中有18个packet满足条件，并写入文件中
16 Aug 2021 14:37:05 PcapFileParser.py DEBUG App_Facebook_ViewAndComment_01_PH6.pcapng文件处理完成，共包含27个Block,24个packet。其中有0个packet满足条件，并写入文件中
16 Aug 2021 14:37:05 PcapFileParser.py DEBUG App_Facebook_ViewAndComment_01_ST.pcapng文件处理完成，共包含12201个Block,12198个packet。其中有20个packet满足条件，并写入文件中
16 Aug 2021 14:37:05 PcapFileParser.py DEBUG BackgroundWithLeidian.pcapng文件处理完成，共包含5108个Block,5105个packet。其中有20个packet满足条件，并写入文件中
16 Aug 2021 14:37:06 PcapFileParser.py DEBUG BackgroundWithoutLeidian.pcapng文件处理完成，共包含13364个Block,13361个packet。其中有20个packet满足条件，并写入文件中
16 Aug 2021 14:37:06 FeatureHandler.py DEBUG C:\Users\a9241\Desktop\Learning materials\研究生\抓包任务20210611\FacebookCapture\App_Facebook_ViewAndComment_01\[200-300]-32-All_MD5目录下的json文件有：['App_Facebook_ViewAndComment_01_FU.json', 'App_Facebook_ViewAndComment_01_PH1.json', 'App_Facebook_ViewAndComment_01_PH2.json', 'App_Facebook_ViewAndComment_01_PH3.json', 'App_Facebook_ViewAndComment_01_PH4.json', 'App_Facebook_ViewAndComment_01_PH5.json', 'App_Facebook_ViewAndComment_01_PH6.json', 'App_Facebook_ViewAndComment_01_ST.json', 'BackgroundWithLeidian.json', 'BackgroundWithoutLeidian.json']
16 Aug 2021 14:37:06 FeatureHandler.py DEBUG App_Facebook_ViewAndComment_01_PH1文件中No.14与App_Facebook_ViewAndComment_01_FU文件中No.16md5值相同
16 Aug 2021 14:37:06 FeatureHandler.py DEBUG App_Facebook_ViewAndComment_01_PH1文件中No.16与App_Facebook_ViewAndComment_01_FU文件中No.18md5值相同
16 Aug 2021 14:37:06 FeatureHandler.py DEBUG App_Facebook_ViewAndComment_01_PH1文件中No.17与App_Facebook_ViewAndComment_01_FU文件中No.19md5值相同
16 Aug 2021 14:37:06 FeatureHandler.py DEBUG App_Facebook_ViewAndComment_01_PH1文件中No.20与App_Facebook_ViewAndComment_01_FU文件中No.22md5值相同
16 Aug 2021 14:37:06 FeatureHandler.py DEBUG App_Facebook_ViewAndComment_01_PH1文件中No.31与App_Facebook_ViewAndComment_01_FU文件中No.33md5值相同
16 Aug 2021 14:37:06 FeatureHandler.py DEBUG App_Facebook_ViewAndComment_01_PH1文件中No.46与App_Facebook_ViewAndComment_01_FU文件中No.48md5值相同
16 Aug 2021 14:37:06 FeatureHandler.py DEBUG App_Facebook_ViewAndComment_01_PH1文件中No.74与App_Facebook_ViewAndComment_01_FU文件中No.76md5值相同
16 Aug 2021 14:37:06 FeatureHandler.py DEBUG App_Facebook_ViewAndComment_01_PH1文件中No.76与App_Facebook_ViewAndComment_01_FU文件中No.78md5值相同
16 Aug 2021 14:37:06 FeatureHandler.py DEBUG App_Facebook_ViewAndComment_01_PH1文件中No.82与App_Facebook_ViewAndComment_01_FU文件中No.84md5值相同
16 Aug 2021 14:37:06 FeatureHandler.py DEBUG App_Facebook_ViewAndComment_01_PH1文件中No.85与App_Facebook_ViewAndComment_01_FU文件中No.87md5值相同
16 Aug 2021 14:37:06 FeatureHandler.py DEBUG App_Facebook_ViewAndComment_01_PH1文件中No.96与App_Facebook_ViewAndComment_01_FU文件中No.98md5值相同
16 Aug 2021 14:37:06 FeatureHandler.py DEBUG App_Facebook_ViewAndComment_01_PH1文件中No.105与App_Facebook_ViewAndComment_01_FU文件中No.107md5值相同
16 Aug 2021 14:37:06 FeatureHandler.py DEBUG App_Facebook_ViewAndComment_01_PH1文件中No.109与App_Facebook_ViewAndComment_01_FU文件中No.111md5值相同
16 Aug 2021 14:37:06 FeatureHandler.py DEBUG App_Facebook_ViewAndComment_01_PH1文件中No.132与App_Facebook_ViewAndComment_01_FU文件中No.134md5值相同
16 Aug 2021 14:37:06 FeatureHandler.py DEBUG App_Facebook_ViewAndComment_01_PH1文件中No.176与App_Facebook_ViewAndComment_01_FU文件中No.178md5值相同
16 Aug 2021 14:37:06 FeatureHandler.py DEBUG App_Facebook_ViewAndComment_01_PH1文件中No.193与App_Facebook_ViewAndComment_01_FU文件中No.195md5值相同
16 Aug 2021 14:37:06 FeatureHandler.py DEBUG App_Facebook_ViewAndComment_01_PH1文件中No.203与App_Facebook_ViewAndComment_01_FU文件中No.205md5值相同
16 Aug 2021 14:37:06 FeatureHandler.py DEBUG App_Facebook_ViewAndComment_01_PH1文件中No.212与App_Facebook_ViewAndComment_01_FU文件中No.214md5值相同
16 Aug 2021 14:37:06 FeatureHandler.py DEBUG App_Facebook_ViewAndComment_01_PH2文件中No.21与App_Facebook_ViewAndComment_01_ST文件中No.289md5值相同
16 Aug 2021 14:37:06 FeatureHandler.py DEBUG App_Facebook_ViewAndComment_01_PH2文件中No.27与App_Facebook_ViewAndComment_01_ST文件中No.295md5值相同
16 Aug 2021 14:37:06 FeatureHandler.py DEBUG App_Facebook_ViewAndComment_01_ST文件中No.14与App_Facebook_ViewAndComment_01_FU文件中No.16md5值相同
16 Aug 2021 14:37:06 FeatureHandler.py DEBUG App_Facebook_ViewAndComment_01_ST文件中No.16与App_Facebook_ViewAndComment_01_FU文件中No.18md5值相同
16 Aug 2021 14:37:06 FeatureHandler.py DEBUG App_Facebook_ViewAndComment_01_ST文件中No.17与App_Facebook_ViewAndComment_01_FU文件中No.19md5值相同
16 Aug 2021 14:37:06 FeatureHandler.py DEBUG App_Facebook_ViewAndComment_01_ST文件中No.20与App_Facebook_ViewAndComment_01_FU文件中No.22md5值相同
16 Aug 2021 14:37:06 FeatureHandler.py DEBUG App_Facebook_ViewAndComment_01_ST文件中No.31与App_Facebook_ViewAndComment_01_FU文件中No.33md5值相同
16 Aug 2021 14:37:06 FeatureHandler.py DEBUG App_Facebook_ViewAndComment_01_ST文件中No.46与App_Facebook_ViewAndComment_01_FU文件中No.48md5值相同
16 Aug 2021 14:37:06 FeatureHandler.py DEBUG App_Facebook_ViewAndComment_01_ST文件中No.74与App_Facebook_ViewAndComment_01_FU文件中No.76md5值相同
16 Aug 2021 14:37:06 FeatureHandler.py DEBUG App_Facebook_ViewAndComment_01_ST文件中No.76与App_Facebook_ViewAndComment_01_FU文件中No.78md5值相同
16 Aug 2021 14:37:06 FeatureHandler.py DEBUG App_Facebook_ViewAndComment_01_ST文件中No.82与App_Facebook_ViewAndComment_01_FU文件中No.84md5值相同
16 Aug 2021 14:37:06 FeatureHandler.py DEBUG App_Facebook_ViewAndComment_01_ST文件中No.85与App_Facebook_ViewAndComment_01_FU文件中No.87md5值相同
16 Aug 2021 14:37:06 FeatureHandler.py DEBUG App_Facebook_ViewAndComment_01_ST文件中No.96与App_Facebook_ViewAndComment_01_FU文件中No.98md5值相同
16 Aug 2021 14:37:06 FeatureHandler.py DEBUG App_Facebook_ViewAndComment_01_ST文件中No.105与App_Facebook_ViewAndComment_01_FU文件中No.107md5值相同
16 Aug 2021 14:37:06 FeatureHandler.py DEBUG App_Facebook_ViewAndComment_01_ST文件中No.109与App_Facebook_ViewAndComment_01_FU文件中No.111md5值相同
16 Aug 2021 14:37:06 FeatureHandler.py DEBUG App_Facebook_ViewAndComment_01_ST文件中No.132与App_Facebook_ViewAndComment_01_FU文件中No.134md5值相同
16 Aug 2021 14:37:06 FeatureHandler.py DEBUG App_Facebook_ViewAndComment_01_ST文件中No.176与App_Facebook_ViewAndComment_01_FU文件中No.178md5值相同
16 Aug 2021 14:37:06 FeatureHandler.py DEBUG App_Facebook_ViewAndComment_01_ST文件中No.193与App_Facebook_ViewAndComment_01_FU文件中No.195md5值相同
16 Aug 2021 14:37:06 FeatureHandler.py DEBUG App_Facebook_ViewAndComment_01_ST文件中No.203与App_Facebook_ViewAndComment_01_FU文件中No.205md5值相同
16 Aug 2021 14:37:06 FeatureHandler.py DEBUG App_Facebook_ViewAndComment_01_ST文件中No.212与App_Facebook_ViewAndComment_01_FU文件中No.214md5值相同
16 Aug 2021 14:37:06 FeatureHandler.py INFO [200-300]-32-All_MD5目录处理完成
16 Aug 2021 14:37:06 FeatureHandler.py INFO [200-300]-32-All_FEATURE目录处理完成
16 Aug 2021 14:37:06 FileHandler.py INFO [100-200]-32-All_MD5目录已存在
16 Aug 2021 14:37:06 FileHandler.py INFO [100-200]-32-All_FEATURE目录已存在
16 Aug 2021 14:37:06 PcapFileParser.py DEBUG App_Facebook_ViewAndComment_01_FU.pcapng文件处理完成，共包含12604个Block,12601个packet。其中有20个packet满足条件，并写入文件中
16 Aug 2021 14:37:06 PcapFileParser.py DEBUG App_Facebook_ViewAndComment_01_PH1.pcapng文件处理完成，共包含269个Block,266个packet。其中有14个packet满足条件，并写入文件中
16 Aug 2021 14:37:06 PcapFileParser.py DEBUG App_Facebook_ViewAndComment_01_PH2.pcapng文件处理完成，共包含8467个Block,8464个packet。其中有20个packet满足条件，并写入文件中
16 Aug 2021 14:37:06 PcapFileParser.py DEBUG App_Facebook_ViewAndComment_01_PH3.pcapng文件处理完成，共包含524个Block,521个packet。其中有18个packet满足条件，并写入文件中
16 Aug 2021 14:37:06 PcapFileParser.py DEBUG App_Facebook_ViewAndComment_01_PH4.pcapng文件处理完成，共包含1534个Block,1531个packet。其中有20个packet满足条件，并写入文件中
16 Aug 2021 14:37:06 PcapFileParser.py DEBUG App_Facebook_ViewAndComment_01_PH5.pcapng文件处理完成，共包含242个Block,239个packet。其中有16个packet满足条件，并写入文件中
16 Aug 2021 14:37:06 PcapFileParser.py DEBUG App_Facebook_ViewAndComment_01_PH6.pcapng文件处理完成，共包含27个Block,24个packet。其中有0个packet满足条件，并写入文件中
16 Aug 2021 14:37:06 PcapFileParser.py DEBUG App_Facebook_ViewAndComment_01_ST.pcapng文件处理完成，共包含12201个Block,12198个packet。其中有20个packet满足条件，并写入文件中
16 Aug 2021 14:37:06 PcapFileParser.py DEBUG BackgroundWithLeidian.pcapng文件处理完成，共包含5108个Block,5105个packet。其中有20个packet满足条件，并写入文件中
16 Aug 2021 14:37:06 PcapFileParser.py DEBUG BackgroundWithoutLeidian.pcapng文件处理完成，共包含13364个Block,13361个packet。其中有20个packet满足条件，并写入文件中
16 Aug 2021 14:37:06 FeatureHandler.py DEBUG C:\Users\a9241\Desktop\Learning materials\研究生\抓包任务20210611\FacebookCapture\App_Facebook_ViewAndComment_01\[100-200]-32-All_MD5目录下的json文件有：['App_Facebook_ViewAndComment_01_FU.json', 'App_Facebook_ViewAndComment_01_PH1.json', 'App_Facebook_ViewAndComment_01_PH2.json', 'App_Facebook_ViewAndComment_01_PH3.json', 'App_Facebook_ViewAndComment_01_PH4.json', 'App_Facebook_ViewAndComment_01_PH5.json', 'App_Facebook_ViewAndComment_01_PH6.json', 'App_Facebook_ViewAndComment_01_ST.json', 'BackgroundWithLeidian.json', 'BackgroundWithoutLeidian.json']
16 Aug 2021 14:37:06 FeatureHandler.py DEBUG App_Facebook_ViewAndComment_01_FU文件中No.56与App_Facebook_ViewAndComment_01_PH1文件中No.54md5值相同
16 Aug 2021 14:37:06 FeatureHandler.py DEBUG App_Facebook_ViewAndComment_01_FU文件中No.65与App_Facebook_ViewAndComment_01_PH1文件中No.63md5值相同
16 Aug 2021 14:37:06 FeatureHandler.py DEBUG App_Facebook_ViewAndComment_01_FU文件中No.71与App_Facebook_ViewAndComment_01_PH1文件中No.69md5值相同
16 Aug 2021 14:37:06 FeatureHandler.py DEBUG App_Facebook_ViewAndComment_01_FU文件中No.79与App_Facebook_ViewAndComment_01_PH1文件中No.77md5值相同
16 Aug 2021 14:37:06 FeatureHandler.py DEBUG App_Facebook_ViewAndComment_01_FU文件中No.85与App_Facebook_ViewAndComment_01_PH1文件中No.83md5值相同
16 Aug 2021 14:37:06 FeatureHandler.py DEBUG App_Facebook_ViewAndComment_01_FU文件中No.88与App_Facebook_ViewAndComment_01_PH1文件中No.86md5值相同
16 Aug 2021 14:37:06 FeatureHandler.py DEBUG App_Facebook_ViewAndComment_01_FU文件中No.94与App_Facebook_ViewAndComment_01_PH1文件中No.92md5值相同
16 Aug 2021 14:37:06 FeatureHandler.py DEBUG App_Facebook_ViewAndComment_01_FU文件中No.120与App_Facebook_ViewAndComment_01_PH1文件中No.118md5值相同
16 Aug 2021 14:37:06 FeatureHandler.py DEBUG App_Facebook_ViewAndComment_01_FU文件中No.127与App_Facebook_ViewAndComment_01_PH1文件中No.125md5值相同
16 Aug 2021 14:37:06 FeatureHandler.py DEBUG App_Facebook_ViewAndComment_01_FU文件中No.154与App_Facebook_ViewAndComment_01_PH1文件中No.152md5值相同
16 Aug 2021 14:37:06 FeatureHandler.py DEBUG App_Facebook_ViewAndComment_01_FU文件中No.170与App_Facebook_ViewAndComment_01_PH1文件中No.168md5值相同
16 Aug 2021 14:37:06 FeatureHandler.py DEBUG App_Facebook_ViewAndComment_01_FU文件中No.179与App_Facebook_ViewAndComment_01_PH1文件中No.177md5值相同
16 Aug 2021 14:37:06 FeatureHandler.py DEBUG App_Facebook_ViewAndComment_01_FU文件中No.192与App_Facebook_ViewAndComment_01_PH1文件中No.190md5值相同
16 Aug 2021 14:37:06 FeatureHandler.py DEBUG App_Facebook_ViewAndComment_01_FU文件中No.196与App_Facebook_ViewAndComment_01_PH1文件中No.194md5值相同
16 Aug 2021 14:37:06 FeatureHandler.py DEBUG App_Facebook_ViewAndComment_01_FU文件中No.237与BackgroundWithoutLeidian文件中No.1md5值相同
16 Aug 2021 14:37:06 FeatureHandler.py DEBUG App_Facebook_ViewAndComment_01_FU文件中No.237与BackgroundWithoutLeidian文件中No.30md5值相同
16 Aug 2021 14:37:06 FeatureHandler.py DEBUG App_Facebook_ViewAndComment_01_FU文件中No.237与BackgroundWithoutLeidian文件中No.68md5值相同
16 Aug 2021 14:37:06 FeatureHandler.py DEBUG App_Facebook_ViewAndComment_01_FU文件中No.242与BackgroundWithoutLeidian文件中No.1md5值相同
16 Aug 2021 14:37:06 FeatureHandler.py DEBUG App_Facebook_ViewAndComment_01_FU文件中No.242与BackgroundWithoutLeidian文件中No.30md5值相同
16 Aug 2021 14:37:06 FeatureHandler.py DEBUG App_Facebook_ViewAndComment_01_FU文件中No.242与BackgroundWithoutLeidian文件中No.68md5值相同
16 Aug 2021 14:37:06 FeatureHandler.py DEBUG App_Facebook_ViewAndComment_01_FU文件中No.248与BackgroundWithoutLeidian文件中No.1md5值相同
16 Aug 2021 14:37:06 FeatureHandler.py DEBUG App_Facebook_ViewAndComment_01_FU文件中No.248与BackgroundWithoutLeidian文件中No.30md5值相同
16 Aug 2021 14:37:06 FeatureHandler.py DEBUG App_Facebook_ViewAndComment_01_FU文件中No.248与BackgroundWithoutLeidian文件中No.68md5值相同
16 Aug 2021 14:37:06 FeatureHandler.py DEBUG App_Facebook_ViewAndComment_01_FU文件中No.276与BackgroundWithoutLeidian文件中No.1md5值相同
16 Aug 2021 14:37:06 FeatureHandler.py DEBUG App_Facebook_ViewAndComment_01_FU文件中No.276与BackgroundWithoutLeidian文件中No.30md5值相同
16 Aug 2021 14:37:06 FeatureHandler.py DEBUG App_Facebook_ViewAndComment_01_FU文件中No.276与BackgroundWithoutLeidian文件中No.68md5值相同
16 Aug 2021 14:37:06 FeatureHandler.py DEBUG App_Facebook_ViewAndComment_01_FU文件中No.324与BackgroundWithoutLeidian文件中No.1md5值相同
16 Aug 2021 14:37:06 FeatureHandler.py DEBUG App_Facebook_ViewAndComment_01_FU文件中No.324与BackgroundWithoutLeidian文件中No.30md5值相同
16 Aug 2021 14:37:06 FeatureHandler.py DEBUG App_Facebook_ViewAndComment_01_FU文件中No.324与BackgroundWithoutLeidian文件中No.68md5值相同
16 Aug 2021 14:37:06 FeatureHandler.py DEBUG App_Facebook_ViewAndComment_01_FU文件中No.326与BackgroundWithoutLeidian文件中No.1md5值相同
16 Aug 2021 14:37:06 FeatureHandler.py DEBUG App_Facebook_ViewAndComment_01_FU文件中No.326与BackgroundWithoutLeidian文件中No.30md5值相同
16 Aug 2021 14:37:06 FeatureHandler.py DEBUG App_Facebook_ViewAndComment_01_FU文件中No.326与BackgroundWithoutLeidian文件中No.68md5值相同
16 Aug 2021 14:37:06 FeatureHandler.py DEBUG App_Facebook_ViewAndComment_01_PH2文件中No.17与App_Facebook_ViewAndComment_01_ST文件中No.285md5值相同
16 Aug 2021 14:37:06 FeatureHandler.py DEBUG App_Facebook_ViewAndComment_01_PH2文件中No.30与App_Facebook_ViewAndComment_01_ST文件中No.298md5值相同
16 Aug 2021 14:37:06 FeatureHandler.py DEBUG App_Facebook_ViewAndComment_01_PH2文件中No.42与App_Facebook_ViewAndComment_01_ST文件中No.310md5值相同
16 Aug 2021 14:37:06 FeatureHandler.py DEBUG App_Facebook_ViewAndComment_01_PH2文件中No.68与App_Facebook_ViewAndComment_01_ST文件中No.336md5值相同
16 Aug 2021 14:37:06 FeatureHandler.py DEBUG App_Facebook_ViewAndComment_01_PH2文件中No.77与App_Facebook_ViewAndComment_01_ST文件中No.345md5值相同
16 Aug 2021 14:37:06 FeatureHandler.py DEBUG App_Facebook_ViewAndComment_01_PH2文件中No.85与App_Facebook_ViewAndComment_01_ST文件中No.353md5值相同
16 Aug 2021 14:37:06 FeatureHandler.py DEBUG App_Facebook_ViewAndComment_01_ST文件中No.54与App_Facebook_ViewAndComment_01_FU文件中No.56md5值相同
16 Aug 2021 14:37:06 FeatureHandler.py DEBUG App_Facebook_ViewAndComment_01_ST文件中No.63与App_Facebook_ViewAndComment_01_FU文件中No.65md5值相同
16 Aug 2021 14:37:06 FeatureHandler.py DEBUG App_Facebook_ViewAndComment_01_ST文件中No.69与App_Facebook_ViewAndComment_01_FU文件中No.71md5值相同
16 Aug 2021 14:37:06 FeatureHandler.py DEBUG App_Facebook_ViewAndComment_01_ST文件中No.77与App_Facebook_ViewAndComment_01_FU文件中No.79md5值相同
16 Aug 2021 14:37:06 FeatureHandler.py DEBUG App_Facebook_ViewAndComment_01_ST文件中No.83与App_Facebook_ViewAndComment_01_FU文件中No.85md5值相同
16 Aug 2021 14:37:06 FeatureHandler.py DEBUG App_Facebook_ViewAndComment_01_ST文件中No.86与App_Facebook_ViewAndComment_01_FU文件中No.88md5值相同
16 Aug 2021 14:37:06 FeatureHandler.py DEBUG App_Facebook_ViewAndComment_01_ST文件中No.92与App_Facebook_ViewAndComment_01_FU文件中No.94md5值相同
16 Aug 2021 14:37:06 FeatureHandler.py DEBUG App_Facebook_ViewAndComment_01_ST文件中No.118与App_Facebook_ViewAndComment_01_FU文件中No.120md5值相同
16 Aug 2021 14:37:06 FeatureHandler.py DEBUG App_Facebook_ViewAndComment_01_ST文件中No.125与App_Facebook_ViewAndComment_01_FU文件中No.127md5值相同
16 Aug 2021 14:37:06 FeatureHandler.py DEBUG App_Facebook_ViewAndComment_01_ST文件中No.152与App_Facebook_ViewAndComment_01_FU文件中No.154md5值相同
16 Aug 2021 14:37:06 FeatureHandler.py DEBUG App_Facebook_ViewAndComment_01_ST文件中No.168与App_Facebook_ViewAndComment_01_FU文件中No.170md5值相同
16 Aug 2021 14:37:06 FeatureHandler.py DEBUG App_Facebook_ViewAndComment_01_ST文件中No.177与App_Facebook_ViewAndComment_01_FU文件中No.179md5值相同
16 Aug 2021 14:37:06 FeatureHandler.py DEBUG App_Facebook_ViewAndComment_01_ST文件中No.190与App_Facebook_ViewAndComment_01_FU文件中No.192md5值相同
16 Aug 2021 14:37:06 FeatureHandler.py DEBUG App_Facebook_ViewAndComment_01_ST文件中No.194与App_Facebook_ViewAndComment_01_FU文件中No.196md5值相同
16 Aug 2021 14:37:06 FeatureHandler.py INFO [100-200]-32-All_MD5目录处理完成
16 Aug 2021 14:37:06 FeatureHandler.py INFO [100-200]-32-All_FEATURE目录处理完成
17 Aug 2021 09:08:00 FileHandler.py INFO [200-300]-32-All_MD5目录已存在
17 Aug 2021 09:08:00 FileHandler.py INFO [200-300]-32-All_FEATURE目录已存在
17 Aug 2021 09:08:00 PcapFileParser.py DEBUG App_Facebook_ViewAndComment_01_FU.pcapng文件处理完成，共包含12604个Block,12601个packet。其中有20个packet满足条件，并写入文件中
17 Aug 2021 09:08:00 PcapFileParser.py DEBUG App_Facebook_ViewAndComment_01_PH1.pcapng文件处理完成，共包含269个Block,266个packet。其中有18个packet满足条件，并写入文件中
17 Aug 2021 09:08:00 PcapFileParser.py DEBUG App_Facebook_ViewAndComment_01_PH2.pcapng文件处理完成，共包含8467个Block,8464个packet。其中有20个packet满足条件，并写入文件中
17 Aug 2021 09:08:00 PcapFileParser.py DEBUG App_Facebook_ViewAndComment_01_PH3.pcapng文件处理完成，共包含524个Block,521个packet。其中有20个packet满足条件，并写入文件中
17 Aug 2021 09:08:00 PcapFileParser.py DEBUG App_Facebook_ViewAndComment_01_PH4.pcapng文件处理完成，共包含1534个Block,1531个packet。其中有20个packet满足条件，并写入文件中
17 Aug 2021 09:08:00 PcapFileParser.py DEBUG App_Facebook_ViewAndComment_01_PH5.pcapng文件处理完成，共包含242个Block,239个packet。其中有18个packet满足条件，并写入文件中
17 Aug 2021 09:08:00 PcapFileParser.py DEBUG App_Facebook_ViewAndComment_01_PH6.pcapng文件处理完成，共包含27个Block,24个packet。其中有0个packet满足条件，并写入文件中
17 Aug 2021 09:08:00 PcapFileParser.py DEBUG App_Facebook_ViewAndComment_01_ST.pcapng文件处理完成，共包含12201个Block,12198个packet。其中有20个packet满足条件，并写入文件中
17 Aug 2021 09:08:00 PcapFileParser.py DEBUG BackgroundWithLeidian.pcapng文件处理完成，共包含5108个Block,5105个packet。其中有20个packet满足条件，并写入文件中
17 Aug 2021 09:08:00 PcapFileParser.py DEBUG BackgroundWithoutLeidian.pcapng文件处理完成，共包含13364个Block,13361个packet。其中有20个packet满足条件，并写入文件中
17 Aug 2021 09:08:00 FeatureHandler.py DEBUG C:\Users\a9241\Desktop\Learning materials\研究生\抓包任务20210611\FacebookCapture\App_Facebook_ViewAndComment_01\[200-300]-32-All_MD5目录下的json文件有：['App_Facebook_ViewAndComment_01_FU.json', 'App_Facebook_ViewAndComment_01_PH1.json', 'App_Facebook_ViewAndComment_01_PH2.json', 'App_Facebook_ViewAndComment_01_PH3.json', 'App_Facebook_ViewAndComment_01_PH4.json', 'App_Facebook_ViewAndComment_01_PH5.json', 'App_Facebook_ViewAndComment_01_PH6.json', 'App_Facebook_ViewAndComment_01_ST.json', 'BackgroundWithLeidian.json', 'BackgroundWithoutLeidian.json']
17 Aug 2021 09:08:00 FeatureHandler.py DEBUG App_Facebook_ViewAndComment_01_PH1文件中No.14与App_Facebook_ViewAndComment_01_FU文件中No.16md5值相同
17 Aug 2021 09:08:00 FeatureHandler.py DEBUG App_Facebook_ViewAndComment_01_PH1文件中No.16与App_Facebook_ViewAndComment_01_FU文件中No.18md5值相同
17 Aug 2021 09:08:00 FeatureHandler.py DEBUG App_Facebook_ViewAndComment_01_PH1文件中No.17与App_Facebook_ViewAndComment_01_FU文件中No.19md5值相同
17 Aug 2021 09:08:00 FeatureHandler.py DEBUG App_Facebook_ViewAndComment_01_PH1文件中No.20与App_Facebook_ViewAndComment_01_FU文件中No.22md5值相同
17 Aug 2021 09:08:00 FeatureHandler.py DEBUG App_Facebook_ViewAndComment_01_PH1文件中No.31与App_Facebook_ViewAndComment_01_FU文件中No.33md5值相同
17 Aug 2021 09:08:00 FeatureHandler.py DEBUG App_Facebook_ViewAndComment_01_PH1文件中No.46与App_Facebook_ViewAndComment_01_FU文件中No.48md5值相同
17 Aug 2021 09:08:00 FeatureHandler.py DEBUG App_Facebook_ViewAndComment_01_PH1文件中No.74与App_Facebook_ViewAndComment_01_FU文件中No.76md5值相同
17 Aug 2021 09:08:00 FeatureHandler.py DEBUG App_Facebook_ViewAndComment_01_PH1文件中No.76与App_Facebook_ViewAndComment_01_FU文件中No.78md5值相同
17 Aug 2021 09:08:00 FeatureHandler.py DEBUG App_Facebook_ViewAndComment_01_PH1文件中No.82与App_Facebook_ViewAndComment_01_FU文件中No.84md5值相同
17 Aug 2021 09:08:00 FeatureHandler.py DEBUG App_Facebook_ViewAndComment_01_PH1文件中No.85与App_Facebook_ViewAndComment_01_FU文件中No.87md5值相同
17 Aug 2021 09:08:00 FeatureHandler.py DEBUG App_Facebook_ViewAndComment_01_PH1文件中No.96与App_Facebook_ViewAndComment_01_FU文件中No.98md5值相同
17 Aug 2021 09:08:00 FeatureHandler.py DEBUG App_Facebook_ViewAndComment_01_PH1文件中No.105与App_Facebook_ViewAndComment_01_FU文件中No.107md5值相同
17 Aug 2021 09:08:00 FeatureHandler.py DEBUG App_Facebook_ViewAndComment_01_PH1文件中No.109与App_Facebook_ViewAndComment_01_FU文件中No.111md5值相同
17 Aug 2021 09:08:00 FeatureHandler.py DEBUG App_Facebook_ViewAndComment_01_PH1文件中No.132与App_Facebook_ViewAndComment_01_FU文件中No.134md5值相同
17 Aug 2021 09:08:00 FeatureHandler.py DEBUG App_Facebook_ViewAndComment_01_PH1文件中No.176与App_Facebook_ViewAndComment_01_FU文件中No.178md5值相同
17 Aug 2021 09:08:00 FeatureHandler.py DEBUG App_Facebook_ViewAndComment_01_PH1文件中No.193与App_Facebook_ViewAndComment_01_FU文件中No.195md5值相同
17 Aug 2021 09:08:00 FeatureHandler.py DEBUG App_Facebook_ViewAndComment_01_PH1文件中No.203与App_Facebook_ViewAndComment_01_FU文件中No.205md5值相同
17 Aug 2021 09:08:00 FeatureHandler.py DEBUG App_Facebook_ViewAndComment_01_PH1文件中No.212与App_Facebook_ViewAndComment_01_FU文件中No.214md5值相同
17 Aug 2021 09:08:00 FeatureHandler.py DEBUG App_Facebook_ViewAndComment_01_PH2文件中No.21与App_Facebook_ViewAndComment_01_ST文件中No.289md5值相同
17 Aug 2021 09:08:00 FeatureHandler.py DEBUG App_Facebook_ViewAndComment_01_PH2文件中No.27与App_Facebook_ViewAndComment_01_ST文件中No.295md5值相同
17 Aug 2021 09:08:00 FeatureHandler.py DEBUG App_Facebook_ViewAndComment_01_ST文件中No.14与App_Facebook_ViewAndComment_01_FU文件中No.16md5值相同
17 Aug 2021 09:08:00 FeatureHandler.py DEBUG App_Facebook_ViewAndComment_01_ST文件中No.16与App_Facebook_ViewAndComment_01_FU文件中No.18md5值相同
17 Aug 2021 09:08:00 FeatureHandler.py DEBUG App_Facebook_ViewAndComment_01_ST文件中No.17与App_Facebook_ViewAndComment_01_FU文件中No.19md5值相同
17 Aug 2021 09:08:00 FeatureHandler.py DEBUG App_Facebook_ViewAndComment_01_ST文件中No.20与App_Facebook_ViewAndComment_01_FU文件中No.22md5值相同
17 Aug 2021 09:08:00 FeatureHandler.py DEBUG App_Facebook_ViewAndComment_01_ST文件中No.31与App_Facebook_ViewAndComment_01_FU文件中No.33md5值相同
17 Aug 2021 09:08:00 FeatureHandler.py DEBUG App_Facebook_ViewAndComment_01_ST文件中No.46与App_Facebook_ViewAndComment_01_FU文件中No.48md5值相同
17 Aug 2021 09:08:00 FeatureHandler.py DEBUG App_Facebook_ViewAndComment_01_ST文件中No.74与App_Facebook_ViewAndComment_01_FU文件中No.76md5值相同
17 Aug 2021 09:08:00 FeatureHandler.py DEBUG App_Facebook_ViewAndComment_01_ST文件中No.76与App_Facebook_ViewAndComment_01_FU文件中No.78md5值相同
17 Aug 2021 09:08:00 FeatureHandler.py DEBUG App_Facebook_ViewAndComment_01_ST文件中No.82与App_Facebook_ViewAndComment_01_FU文件中No.84md5值相同
17 Aug 2021 09:08:00 FeatureHandler.py DEBUG App_Facebook_ViewAndComment_01_ST文件中No.85与App_Facebook_ViewAndComment_01_FU文件中No.87md5值相同
17 Aug 2021 09:08:00 FeatureHandler.py DEBUG App_Facebook_ViewAndComment_01_ST文件中No.96与App_Facebook_ViewAndComment_01_FU文件中No.98md5值相同
17 Aug 2021 09:08:00 FeatureHandler.py DEBUG App_Facebook_ViewAndComment_01_ST文件中No.105与App_Facebook_ViewAndComment_01_FU文件中No.107md5值相同
17 Aug 2021 09:08:00 FeatureHandler.py DEBUG App_Facebook_ViewAndComment_01_ST文件中No.109与App_Facebook_ViewAndComment_01_FU文件中No.111md5值相同
17 Aug 2021 09:08:00 FeatureHandler.py DEBUG App_Facebook_ViewAndComment_01_ST文件中No.132与App_Facebook_ViewAndComment_01_FU文件中No.134md5值相同
17 Aug 2021 09:08:00 FeatureHandler.py DEBUG App_Facebook_ViewAndComment_01_ST文件中No.176与App_Facebook_ViewAndComment_01_FU文件中No.178md5值相同
17 Aug 2021 09:08:00 FeatureHandler.py DEBUG App_Facebook_ViewAndComment_01_ST文件中No.193与App_Facebook_ViewAndComment_01_FU文件中No.195md5值相同
17 Aug 2021 09:08:00 FeatureHandler.py DEBUG App_Facebook_ViewAndComment_01_ST文件中No.203与App_Facebook_ViewAndComment_01_FU文件中No.205md5值相同
17 Aug 2021 09:08:00 FeatureHandler.py DEBUG App_Facebook_ViewAndComment_01_ST文件中No.212与App_Facebook_ViewAndComment_01_FU文件中No.214md5值相同
17 Aug 2021 09:08:00 FeatureHandler.py INFO [200-300]-32-All_MD5目录处理完成
17 Aug 2021 09:08:00 FeatureHandler.py INFO [200-300]-32-All_FEATURE目录处理完成
17 Aug 2021 09:08:00 FileHandler.py INFO [100-200]-32-All_MD5目录已存在
17 Aug 2021 09:08:00 FileHandler.py INFO [100-200]-32-All_FEATURE目录已存在
17 Aug 2021 09:08:00 PcapFileParser.py DEBUG App_Facebook_ViewAndComment_01_FU.pcapng文件处理完成，共包含12604个Block,12601个packet。其中有20个packet满足条件，并写入文件中
17 Aug 2021 09:08:00 PcapFileParser.py DEBUG App_Facebook_ViewAndComment_01_PH1.pcapng文件处理完成，共包含269个Block,266个packet。其中有14个packet满足条件，并写入文件中
17 Aug 2021 09:08:00 PcapFileParser.py DEBUG App_Facebook_ViewAndComment_01_PH2.pcapng文件处理完成，共包含8467个Block,8464个packet。其中有20个packet满足条件，并写入文件中
17 Aug 2021 09:08:00 PcapFileParser.py DEBUG App_Facebook_ViewAndComment_01_PH3.pcapng文件处理完成，共包含524个Block,521个packet。其中有18个packet满足条件，并写入文件中
17 Aug 2021 09:08:00 PcapFileParser.py DEBUG App_Facebook_ViewAndComment_01_PH4.pcapng文件处理完成，共包含1534个Block,1531个packet。其中有20个packet满足条件，并写入文件中
17 Aug 2021 09:08:00 PcapFileParser.py DEBUG App_Facebook_ViewAndComment_01_PH5.pcapng文件处理完成，共包含242个Block,239个packet。其中有16个packet满足条件，并写入文件中
17 Aug 2021 09:08:00 PcapFileParser.py DEBUG App_Facebook_ViewAndComment_01_PH6.pcapng文件处理完成，共包含27个Block,24个packet。其中有0个packet满足条件，并写入文件中
17 Aug 2021 09:08:00 PcapFileParser.py DEBUG App_Facebook_ViewAndComment_01_ST.pcapng文件处理完成，共包含12201个Block,12198个packet。其中有20个packet满足条件，并写入文件中
17 Aug 2021 09:08:00 PcapFileParser.py DEBUG BackgroundWithLeidian.pcapng文件处理完成，共包含5108个Block,5105个packet。其中有20个packet满足条件，并写入文件中
17 Aug 2021 09:08:00 PcapFileParser.py DEBUG BackgroundWithoutLeidian.pcapng文件处理完成，共包含13364个Block,13361个packet。其中有20个packet满足条件，并写入文件中
17 Aug 2021 09:08:00 FeatureHandler.py DEBUG C:\Users\a9241\Desktop\Learning materials\研究生\抓包任务20210611\FacebookCapture\App_Facebook_ViewAndComment_01\[100-200]-32-All_MD5目录下的json文件有：['App_Facebook_ViewAndComment_01_FU.json', 'App_Facebook_ViewAndComment_01_PH1.json', 'App_Facebook_ViewAndComment_01_PH2.json', 'App_Facebook_ViewAndComment_01_PH3.json', 'App_Facebook_ViewAndComment_01_PH4.json', 'App_Facebook_ViewAndComment_01_PH5.json', 'App_Facebook_ViewAndComment_01_PH6.json', 'App_Facebook_ViewAndComment_01_ST.json', 'BackgroundWithLeidian.json', 'BackgroundWithoutLeidian.json']
17 Aug 2021 09:08:00 FeatureHandler.py DEBUG App_Facebook_ViewAndComment_01_FU文件中No.56与App_Facebook_ViewAndComment_01_PH1文件中No.54md5值相同
17 Aug 2021 09:08:00 FeatureHandler.py DEBUG App_Facebook_ViewAndComment_01_FU文件中No.65与App_Facebook_ViewAndComment_01_PH1文件中No.63md5值相同
17 Aug 2021 09:08:00 FeatureHandler.py DEBUG App_Facebook_ViewAndComment_01_FU文件中No.71与App_Facebook_ViewAndComment_01_PH1文件中No.69md5值相同
17 Aug 2021 09:08:00 FeatureHandler.py DEBUG App_Facebook_ViewAndComment_01_FU文件中No.79与App_Facebook_ViewAndComment_01_PH1文件中No.77md5值相同
17 Aug 2021 09:08:00 FeatureHandler.py DEBUG App_Facebook_ViewAndComment_01_FU文件中No.85与App_Facebook_ViewAndComment_01_PH1文件中No.83md5值相同
17 Aug 2021 09:08:00 FeatureHandler.py DEBUG App_Facebook_ViewAndComment_01_FU文件中No.88与App_Facebook_ViewAndComment_01_PH1文件中No.86md5值相同
17 Aug 2021 09:08:00 FeatureHandler.py DEBUG App_Facebook_ViewAndComment_01_FU文件中No.94与App_Facebook_ViewAndComment_01_PH1文件中No.92md5值相同
17 Aug 2021 09:08:00 FeatureHandler.py DEBUG App_Facebook_ViewAndComment_01_FU文件中No.120与App_Facebook_ViewAndComment_01_PH1文件中No.118md5值相同
17 Aug 2021 09:08:00 FeatureHandler.py DEBUG App_Facebook_ViewAndComment_01_FU文件中No.127与App_Facebook_ViewAndComment_01_PH1文件中No.125md5值相同
17 Aug 2021 09:08:00 FeatureHandler.py DEBUG App_Facebook_ViewAndComment_01_FU文件中No.154与App_Facebook_ViewAndComment_01_PH1文件中No.152md5值相同
17 Aug 2021 09:08:00 FeatureHandler.py DEBUG App_Facebook_ViewAndComment_01_FU文件中No.170与App_Facebook_ViewAndComment_01_PH1文件中No.168md5值相同
17 Aug 2021 09:08:00 FeatureHandler.py DEBUG App_Facebook_ViewAndComment_01_FU文件中No.179与App_Facebook_ViewAndComment_01_PH1文件中No.177md5值相同
17 Aug 2021 09:08:00 FeatureHandler.py DEBUG App_Facebook_ViewAndComment_01_FU文件中No.192与App_Facebook_ViewAndComment_01_PH1文件中No.190md5值相同
17 Aug 2021 09:08:00 FeatureHandler.py DEBUG App_Facebook_ViewAndComment_01_FU文件中No.196与App_Facebook_ViewAndComment_01_PH1文件中No.194md5值相同
17 Aug 2021 09:08:00 FeatureHandler.py DEBUG App_Facebook_ViewAndComment_01_FU文件中No.237与BackgroundWithoutLeidian文件中No.1md5值相同
17 Aug 2021 09:08:00 FeatureHandler.py DEBUG App_Facebook_ViewAndComment_01_FU文件中No.237与BackgroundWithoutLeidian文件中No.30md5值相同
17 Aug 2021 09:08:00 FeatureHandler.py DEBUG App_Facebook_ViewAndComment_01_FU文件中No.237与BackgroundWithoutLeidian文件中No.68md5值相同
17 Aug 2021 09:08:00 FeatureHandler.py DEBUG App_Facebook_ViewAndComment_01_FU文件中No.242与BackgroundWithoutLeidian文件中No.1md5值相同
17 Aug 2021 09:08:00 FeatureHandler.py DEBUG App_Facebook_ViewAndComment_01_FU文件中No.242与BackgroundWithoutLeidian文件中No.30md5值相同
17 Aug 2021 09:08:00 FeatureHandler.py DEBUG App_Facebook_ViewAndComment_01_FU文件中No.242与BackgroundWithoutLeidian文件中No.68md5值相同
17 Aug 2021 09:08:00 FeatureHandler.py DEBUG App_Facebook_ViewAndComment_01_FU文件中No.248与BackgroundWithoutLeidian文件中No.1md5值相同
17 Aug 2021 09:08:00 FeatureHandler.py DEBUG App_Facebook_ViewAndComment_01_FU文件中No.248与BackgroundWithoutLeidian文件中No.30md5值相同
17 Aug 2021 09:08:00 FeatureHandler.py DEBUG App_Facebook_ViewAndComment_01_FU文件中No.248与BackgroundWithoutLeidian文件中No.68md5值相同
17 Aug 2021 09:08:00 FeatureHandler.py DEBUG App_Facebook_ViewAndComment_01_FU文件中No.276与BackgroundWithoutLeidian文件中No.1md5值相同
17 Aug 2021 09:08:00 FeatureHandler.py DEBUG App_Facebook_ViewAndComment_01_FU文件中No.276与BackgroundWithoutLeidian文件中No.30md5值相同
17 Aug 2021 09:08:00 FeatureHandler.py DEBUG App_Facebook_ViewAndComment_01_FU文件中No.276与BackgroundWithoutLeidian文件中No.68md5值相同
17 Aug 2021 09:08:00 FeatureHandler.py DEBUG App_Facebook_ViewAndComment_01_FU文件中No.324与BackgroundWithoutLeidian文件中No.1md5值相同
17 Aug 2021 09:08:00 FeatureHandler.py DEBUG App_Facebook_ViewAndComment_01_FU文件中No.324与BackgroundWithoutLeidian文件中No.30md5值相同
17 Aug 2021 09:08:00 FeatureHandler.py DEBUG App_Facebook_ViewAndComment_01_FU文件中No.324与BackgroundWithoutLeidian文件中No.68md5值相同
17 Aug 2021 09:08:00 FeatureHandler.py DEBUG App_Facebook_ViewAndComment_01_FU文件中No.326与BackgroundWithoutLeidian文件中No.1md5值相同
17 Aug 2021 09:08:00 FeatureHandler.py DEBUG App_Facebook_ViewAndComment_01_FU文件中No.326与BackgroundWithoutLeidian文件中No.30md5值相同
17 Aug 2021 09:08:00 FeatureHandler.py DEBUG App_Facebook_ViewAndComment_01_FU文件中No.326与BackgroundWithoutLeidian文件中No.68md5值相同
17 Aug 2021 09:08:00 FeatureHandler.py DEBUG App_Facebook_ViewAndComment_01_PH2文件中No.17与App_Facebook_ViewAndComment_01_ST文件中No.285md5值相同
17 Aug 2021 09:08:00 FeatureHandler.py DEBUG App_Facebook_ViewAndComment_01_PH2文件中No.30与App_Facebook_ViewAndComment_01_ST文件中No.298md5值相同
17 Aug 2021 09:08:00 FeatureHandler.py DEBUG App_Facebook_ViewAndComment_01_PH2文件中No.42与App_Facebook_ViewAndComment_01_ST文件中No.310md5值相同
17 Aug 2021 09:08:00 FeatureHandler.py DEBUG App_Facebook_ViewAndComment_01_PH2文件中No.68与App_Facebook_ViewAndComment_01_ST文件中No.336md5值相同
17 Aug 2021 09:08:00 FeatureHandler.py DEBUG App_Facebook_ViewAndComment_01_PH2文件中No.77与App_Facebook_ViewAndComment_01_ST文件中No.345md5值相同
17 Aug 2021 09:08:00 FeatureHandler.py DEBUG App_Facebook_ViewAndComment_01_PH2文件中No.85与App_Facebook_ViewAndComment_01_ST文件中No.353md5值相同
17 Aug 2021 09:08:00 FeatureHandler.py DEBUG App_Facebook_ViewAndComment_01_ST文件中No.54与App_Facebook_ViewAndComment_01_FU文件中No.56md5值相同
17 Aug 2021 09:08:00 FeatureHandler.py DEBUG App_Facebook_ViewAndComment_01_ST文件中No.63与App_Facebook_ViewAndComment_01_FU文件中No.65md5值相同
17 Aug 2021 09:08:00 FeatureHandler.py DEBUG App_Facebook_ViewAndComment_01_ST文件中No.69与App_Facebook_ViewAndComment_01_FU文件中No.71md5值相同
17 Aug 2021 09:08:00 FeatureHandler.py DEBUG App_Facebook_ViewAndComment_01_ST文件中No.77与App_Facebook_ViewAndComment_01_FU文件中No.79md5值相同
17 Aug 2021 09:08:00 FeatureHandler.py DEBUG App_Facebook_ViewAndComment_01_ST文件中No.83与App_Facebook_ViewAndComment_01_FU文件中No.85md5值相同
17 Aug 2021 09:08:00 FeatureHandler.py DEBUG App_Facebook_ViewAndComment_01_ST文件中No.86与App_Facebook_ViewAndComment_01_FU文件中No.88md5值相同
17 Aug 2021 09:08:00 FeatureHandler.py DEBUG App_Facebook_ViewAndComment_01_ST文件中No.92与App_Facebook_ViewAndComment_01_FU文件中No.94md5值相同
17 Aug 2021 09:08:00 FeatureHandler.py DEBUG App_Facebook_ViewAndComment_01_ST文件中No.118与App_Facebook_ViewAndComment_01_FU文件中No.120md5值相同
17 Aug 2021 09:08:00 FeatureHandler.py DEBUG App_Facebook_ViewAndComment_01_ST文件中No.125与App_Facebook_ViewAndComment_01_FU文件中No.127md5值相同
17 Aug 2021 09:08:00 FeatureHandler.py DEBUG App_Facebook_ViewAndComment_01_ST文件中No.152与App_Facebook_ViewAndComment_01_FU文件中No.154md5值相同
17 Aug 2021 09:08:00 FeatureHandler.py DEBUG App_Facebook_ViewAndComment_01_ST文件中No.168与App_Facebook_ViewAndComment_01_FU文件中No.170md5值相同
17 Aug 2021 09:08:00 FeatureHandler.py DEBUG App_Facebook_ViewAndComment_01_ST文件中No.177与App_Facebook_ViewAndComment_01_FU文件中No.179md5值相同
17 Aug 2021 09:08:00 FeatureHandler.py DEBUG App_Facebook_ViewAndComment_01_ST文件中No.190与App_Facebook_ViewAndComment_01_FU文件中No.192md5值相同
17 Aug 2021 09:08:00 FeatureHandler.py DEBUG App_Facebook_ViewAndComment_01_ST文件中No.194与App_Facebook_ViewAndComment_01_FU文件中No.196md5值相同
17 Aug 2021 09:08:00 FeatureHandler.py INFO [100-200]-32-All_MD5目录处理完成
17 Aug 2021 09:08:00 FeatureHandler.py INFO [100-200]-32-All_FEATURE目录处理完成
18 Aug 2021 10:43:28 FileHandler.py INFO [200-300]-32-All_MD5目录已存在
18 Aug 2021 10:43:28 FileHandler.py INFO [200-300]-32-All_FEATURE目录已存在
18 Aug 2021 10:43:28 PcapFileParser.py DEBUG App_Facebook_ViewAndComment_01_FU.pcapng文件处理完成，共包含12604个Block,12601个packet。其中有20个packet满足条件，并写入文件中
18 Aug 2021 10:43:28 PcapFileParser.py DEBUG App_Facebook_ViewAndComment_01_PH1.pcapng文件处理完成，共包含269个Block,266个packet。其中有18个packet满足条件，并写入文件中
18 Aug 2021 10:43:28 PcapFileParser.py DEBUG App_Facebook_ViewAndComment_01_PH2.pcapng文件处理完成，共包含8467个Block,8464个packet。其中有20个packet满足条件，并写入文件中
18 Aug 2021 10:43:28 PcapFileParser.py DEBUG App_Facebook_ViewAndComment_01_PH3.pcapng文件处理完成，共包含524个Block,521个packet。其中有20个packet满足条件，并写入文件中
18 Aug 2021 10:43:28 PcapFileParser.py DEBUG App_Facebook_ViewAndComment_01_PH4.pcapng文件处理完成，共包含1534个Block,1531个packet。其中有20个packet满足条件，并写入文件中
18 Aug 2021 10:43:28 PcapFileParser.py DEBUG App_Facebook_ViewAndComment_01_PH5.pcapng文件处理完成，共包含242个Block,239个packet。其中有18个packet满足条件，并写入文件中
18 Aug 2021 10:43:28 PcapFileParser.py DEBUG App_Facebook_ViewAndComment_01_PH6.pcapng文件处理完成，共包含27个Block,24个packet。其中有0个packet满足条件，并写入文件中
18 Aug 2021 10:43:28 PcapFileParser.py DEBUG App_Facebook_ViewAndComment_01_ST.pcapng文件处理完成，共包含12201个Block,12198个packet。其中有20个packet满足条件，并写入文件中
18 Aug 2021 10:43:28 PcapFileParser.py DEBUG BackgroundWithLeidian.pcapng文件处理完成，共包含5108个Block,5105个packet。其中有20个packet满足条件，并写入文件中
18 Aug 2021 10:43:28 PcapFileParser.py DEBUG BackgroundWithoutLeidian.pcapng文件处理完成，共包含13364个Block,13361个packet。其中有20个packet满足条件，并写入文件中
18 Aug 2021 10:43:28 FeatureHandler.py DEBUG C:\Users\a9241\Desktop\Learning materials\研究生\抓包任务20210611\FacebookCapture\App_Facebook_ViewAndComment_01\[200-300]-32-All_MD5目录下的json文件有：['App_Facebook_ViewAndComment_01_FU.json', 'App_Facebook_ViewAndComment_01_PH1.json', 'App_Facebook_ViewAndComment_01_PH2.json', 'App_Facebook_ViewAndComment_01_PH3.json', 'App_Facebook_ViewAndComment_01_PH4.json', 'App_Facebook_ViewAndComment_01_PH5.json', 'App_Facebook_ViewAndComment_01_PH6.json', 'App_Facebook_ViewAndComment_01_ST.json', 'BackgroundWithLeidian.json', 'BackgroundWithoutLeidian.json']
18 Aug 2021 10:43:28 FeatureHandler.py DEBUG App_Facebook_ViewAndComment_01_PH1文件中No.14与App_Facebook_ViewAndComment_01_FU文件中No.16md5值相同
18 Aug 2021 10:43:28 FeatureHandler.py DEBUG App_Facebook_ViewAndComment_01_PH1文件中No.16与App_Facebook_ViewAndComment_01_FU文件中No.18md5值相同
18 Aug 2021 10:43:28 FeatureHandler.py DEBUG App_Facebook_ViewAndComment_01_PH1文件中No.17与App_Facebook_ViewAndComment_01_FU文件中No.19md5值相同
18 Aug 2021 10:43:28 FeatureHandler.py DEBUG App_Facebook_ViewAndComment_01_PH1文件中No.20与App_Facebook_ViewAndComment_01_FU文件中No.22md5值相同
18 Aug 2021 10:43:28 FeatureHandler.py DEBUG App_Facebook_ViewAndComment_01_PH1文件中No.31与App_Facebook_ViewAndComment_01_FU文件中No.33md5值相同
18 Aug 2021 10:43:28 FeatureHandler.py DEBUG App_Facebook_ViewAndComment_01_PH1文件中No.46与App_Facebook_ViewAndComment_01_FU文件中No.48md5值相同
18 Aug 2021 10:43:28 FeatureHandler.py DEBUG App_Facebook_ViewAndComment_01_PH1文件中No.74与App_Facebook_ViewAndComment_01_FU文件中No.76md5值相同
18 Aug 2021 10:43:28 FeatureHandler.py DEBUG App_Facebook_ViewAndComment_01_PH1文件中No.76与App_Facebook_ViewAndComment_01_FU文件中No.78md5值相同
18 Aug 2021 10:43:28 FeatureHandler.py DEBUG App_Facebook_ViewAndComment_01_PH1文件中No.82与App_Facebook_ViewAndComment_01_FU文件中No.84md5值相同
18 Aug 2021 10:43:28 FeatureHandler.py DEBUG App_Facebook_ViewAndComment_01_PH1文件中No.85与App_Facebook_ViewAndComment_01_FU文件中No.87md5值相同
18 Aug 2021 10:43:28 FeatureHandler.py DEBUG App_Facebook_ViewAndComment_01_PH1文件中No.96与App_Facebook_ViewAndComment_01_FU文件中No.98md5值相同
18 Aug 2021 10:43:28 FeatureHandler.py DEBUG App_Facebook_ViewAndComment_01_PH1文件中No.105与App_Facebook_ViewAndComment_01_FU文件中No.107md5值相同
18 Aug 2021 10:43:28 FeatureHandler.py DEBUG App_Facebook_ViewAndComment_01_PH1文件中No.109与App_Facebook_ViewAndComment_01_FU文件中No.111md5值相同
18 Aug 2021 10:43:28 FeatureHandler.py DEBUG App_Facebook_ViewAndComment_01_PH1文件中No.132与App_Facebook_ViewAndComment_01_FU文件中No.134md5值相同
18 Aug 2021 10:43:28 FeatureHandler.py DEBUG App_Facebook_ViewAndComment_01_PH1文件中No.176与App_Facebook_ViewAndComment_01_FU文件中No.178md5值相同
18 Aug 2021 10:43:28 FeatureHandler.py DEBUG App_Facebook_ViewAndComment_01_PH1文件中No.193与App_Facebook_ViewAndComment_01_FU文件中No.195md5值相同
18 Aug 2021 10:43:28 FeatureHandler.py DEBUG App_Facebook_ViewAndComment_01_PH1文件中No.203与App_Facebook_ViewAndComment_01_FU文件中No.205md5值相同
18 Aug 2021 10:43:28 FeatureHandler.py DEBUG App_Facebook_ViewAndComment_01_PH1文件中No.212与App_Facebook_ViewAndComment_01_FU文件中No.214md5值相同
18 Aug 2021 10:43:28 FeatureHandler.py DEBUG App_Facebook_ViewAndComment_01_PH2文件中No.21与App_Facebook_ViewAndComment_01_ST文件中No.289md5值相同
18 Aug 2021 10:43:28 FeatureHandler.py DEBUG App_Facebook_ViewAndComment_01_PH2文件中No.27与App_Facebook_ViewAndComment_01_ST文件中No.295md5值相同
18 Aug 2021 10:43:28 FeatureHandler.py DEBUG App_Facebook_ViewAndComment_01_ST文件中No.14与App_Facebook_ViewAndComment_01_FU文件中No.16md5值相同
18 Aug 2021 10:43:28 FeatureHandler.py DEBUG App_Facebook_ViewAndComment_01_ST文件中No.16与App_Facebook_ViewAndComment_01_FU文件中No.18md5值相同
18 Aug 2021 10:43:28 FeatureHandler.py DEBUG App_Facebook_ViewAndComment_01_ST文件中No.17与App_Facebook_ViewAndComment_01_FU文件中No.19md5值相同
18 Aug 2021 10:43:28 FeatureHandler.py DEBUG App_Facebook_ViewAndComment_01_ST文件中No.20与App_Facebook_ViewAndComment_01_FU文件中No.22md5值相同
18 Aug 2021 10:43:28 FeatureHandler.py DEBUG App_Facebook_ViewAndComment_01_ST文件中No.31与App_Facebook_ViewAndComment_01_FU文件中No.33md5值相同
18 Aug 2021 10:43:28 FeatureHandler.py DEBUG App_Facebook_ViewAndComment_01_ST文件中No.46与App_Facebook_ViewAndComment_01_FU文件中No.48md5值相同
18 Aug 2021 10:43:28 FeatureHandler.py DEBUG App_Facebook_ViewAndComment_01_ST文件中No.74与App_Facebook_ViewAndComment_01_FU文件中No.76md5值相同
18 Aug 2021 10:43:28 FeatureHandler.py DEBUG App_Facebook_ViewAndComment_01_ST文件中No.76与App_Facebook_ViewAndComment_01_FU文件中No.78md5值相同
18 Aug 2021 10:43:28 FeatureHandler.py DEBUG App_Facebook_ViewAndComment_01_ST文件中No.82与App_Facebook_ViewAndComment_01_FU文件中No.84md5值相同
18 Aug 2021 10:43:28 FeatureHandler.py DEBUG App_Facebook_ViewAndComment_01_ST文件中No.85与App_Facebook_ViewAndComment_01_FU文件中No.87md5值相同
18 Aug 2021 10:43:28 FeatureHandler.py DEBUG App_Facebook_ViewAndComment_01_ST文件中No.96与App_Facebook_ViewAndComment_01_FU文件中No.98md5值相同
18 Aug 2021 10:43:28 FeatureHandler.py DEBUG App_Facebook_ViewAndComment_01_ST文件中No.105与App_Facebook_ViewAndComment_01_FU文件中No.107md5值相同
18 Aug 2021 10:43:28 FeatureHandler.py DEBUG App_Facebook_ViewAndComment_01_ST文件中No.109与App_Facebook_ViewAndComment_01_FU文件中No.111md5值相同
18 Aug 2021 10:43:28 FeatureHandler.py DEBUG App_Facebook_ViewAndComment_01_ST文件中No.132与App_Facebook_ViewAndComment_01_FU文件中No.134md5值相同
18 Aug 2021 10:43:28 FeatureHandler.py DEBUG App_Facebook_ViewAndComment_01_ST文件中No.176与App_Facebook_ViewAndComment_01_FU文件中No.178md5值相同
18 Aug 2021 10:43:28 FeatureHandler.py DEBUG App_Facebook_ViewAndComment_01_ST文件中No.193与App_Facebook_ViewAndComment_01_FU文件中No.195md5值相同
18 Aug 2021 10:43:28 FeatureHandler.py DEBUG App_Facebook_ViewAndComment_01_ST文件中No.203与App_Facebook_ViewAndComment_01_FU文件中No.205md5值相同
18 Aug 2021 10:43:28 FeatureHandler.py DEBUG App_Facebook_ViewAndComment_01_ST文件中No.212与App_Facebook_ViewAndComment_01_FU文件中No.214md5值相同
18 Aug 2021 10:43:28 FeatureHandler.py INFO [200-300]-32-All_MD5目录处理完成
18 Aug 2021 10:43:28 FeatureHandler.py INFO [200-300]-32-All_FEATURE目录处理完成
18 Aug 2021 10:44:31 FileHandler.py INFO [200-300]-32-All_MD5目录已存在
18 Aug 2021 10:44:31 FileHandler.py INFO [200-300]-32-All_FEATURE目录已存在
18 Aug 2021 10:44:31 PcapFileParser.py DEBUG App_Facebook_ViewAndComment_01_FU.pcapng文件处理完成，共包含12604个Block,12601个packet。其中有20个packet满足条件，并写入文件中
18 Aug 2021 10:44:31 PcapFileParser.py DEBUG App_Facebook_ViewAndComment_01_PH1.pcapng文件处理完成，共包含269个Block,266个packet。其中有18个packet满足条件，并写入文件中
18 Aug 2021 10:44:31 PcapFileParser.py DEBUG App_Facebook_ViewAndComment_01_PH2.pcapng文件处理完成，共包含8467个Block,8464个packet。其中有20个packet满足条件，并写入文件中
18 Aug 2021 10:44:31 PcapFileParser.py DEBUG App_Facebook_ViewAndComment_01_PH3.pcapng文件处理完成，共包含524个Block,521个packet。其中有20个packet满足条件，并写入文件中
18 Aug 2021 10:44:31 PcapFileParser.py DEBUG App_Facebook_ViewAndComment_01_PH4.pcapng文件处理完成，共包含1534个Block,1531个packet。其中有20个packet满足条件，并写入文件中
18 Aug 2021 10:44:31 PcapFileParser.py DEBUG App_Facebook_ViewAndComment_01_PH5.pcapng文件处理完成，共包含242个Block,239个packet。其中有18个packet满足条件，并写入文件中
18 Aug 2021 10:44:31 PcapFileParser.py DEBUG App_Facebook_ViewAndComment_01_PH6.pcapng文件处理完成，共包含27个Block,24个packet。其中有0个packet满足条件，并写入文件中
18 Aug 2021 10:44:31 PcapFileParser.py DEBUG App_Facebook_ViewAndComment_01_ST.pcapng文件处理完成，共包含12201个Block,12198个packet。其中有20个packet满足条件，并写入文件中
18 Aug 2021 10:44:31 PcapFileParser.py DEBUG BackgroundWithLeidian.pcapng文件处理完成，共包含5108个Block,5105个packet。其中有20个packet满足条件，并写入文件中
18 Aug 2021 10:44:31 PcapFileParser.py DEBUG BackgroundWithoutLeidian.pcapng文件处理完成，共包含13364个Block,13361个packet。其中有20个packet满足条件，并写入文件中
18 Aug 2021 10:44:31 FeatureHandler.py DEBUG C:\Users\a9241\Desktop\Learning materials\研究生\抓包任务20210611\FacebookCapture\App_Facebook_ViewAndComment_01\[200-300]-32-All_MD5目录下的json文件有：['App_Facebook_ViewAndComment_01_FU.json', 'App_Facebook_ViewAndComment_01_PH1.json', 'App_Facebook_ViewAndComment_01_PH2.json', 'App_Facebook_ViewAndComment_01_PH3.json', 'App_Facebook_ViewAndComment_01_PH4.json', 'App_Facebook_ViewAndComment_01_PH5.json', 'App_Facebook_ViewAndComment_01_PH6.json', 'App_Facebook_ViewAndComment_01_ST.json', 'BackgroundWithLeidian.json', 'BackgroundWithoutLeidian.json']
18 Aug 2021 10:44:31 FeatureHandler.py DEBUG App_Facebook_ViewAndComment_01_PH1文件中No.14与App_Facebook_ViewAndComment_01_FU文件中No.16md5值相同
18 Aug 2021 10:44:31 FeatureHandler.py DEBUG App_Facebook_ViewAndComment_01_PH1文件中No.16与App_Facebook_ViewAndComment_01_FU文件中No.18md5值相同
18 Aug 2021 10:44:31 FeatureHandler.py DEBUG App_Facebook_ViewAndComment_01_PH1文件中No.17与App_Facebook_ViewAndComment_01_FU文件中No.19md5值相同
18 Aug 2021 10:44:31 FeatureHandler.py DEBUG App_Facebook_ViewAndComment_01_PH1文件中No.20与App_Facebook_ViewAndComment_01_FU文件中No.22md5值相同
18 Aug 2021 10:44:31 FeatureHandler.py DEBUG App_Facebook_ViewAndComment_01_PH1文件中No.31与App_Facebook_ViewAndComment_01_FU文件中No.33md5值相同
18 Aug 2021 10:44:31 FeatureHandler.py DEBUG App_Facebook_ViewAndComment_01_PH1文件中No.46与App_Facebook_ViewAndComment_01_FU文件中No.48md5值相同
18 Aug 2021 10:44:31 FeatureHandler.py DEBUG App_Facebook_ViewAndComment_01_PH1文件中No.74与App_Facebook_ViewAndComment_01_FU文件中No.76md5值相同
18 Aug 2021 10:44:31 FeatureHandler.py DEBUG App_Facebook_ViewAndComment_01_PH1文件中No.76与App_Facebook_ViewAndComment_01_FU文件中No.78md5值相同
18 Aug 2021 10:44:31 FeatureHandler.py DEBUG App_Facebook_ViewAndComment_01_PH1文件中No.82与App_Facebook_ViewAndComment_01_FU文件中No.84md5值相同
18 Aug 2021 10:44:31 FeatureHandler.py DEBUG App_Facebook_ViewAndComment_01_PH1文件中No.85与App_Facebook_ViewAndComment_01_FU文件中No.87md5值相同
18 Aug 2021 10:44:31 FeatureHandler.py DEBUG App_Facebook_ViewAndComment_01_PH1文件中No.96与App_Facebook_ViewAndComment_01_FU文件中No.98md5值相同
18 Aug 2021 10:44:31 FeatureHandler.py DEBUG App_Facebook_ViewAndComment_01_PH1文件中No.105与App_Facebook_ViewAndComment_01_FU文件中No.107md5值相同
18 Aug 2021 10:44:31 FeatureHandler.py DEBUG App_Facebook_ViewAndComment_01_PH1文件中No.109与App_Facebook_ViewAndComment_01_FU文件中No.111md5值相同
18 Aug 2021 10:44:31 FeatureHandler.py DEBUG App_Facebook_ViewAndComment_01_PH1文件中No.132与App_Facebook_ViewAndComment_01_FU文件中No.134md5值相同
18 Aug 2021 10:44:31 FeatureHandler.py DEBUG App_Facebook_ViewAndComment_01_PH1文件中No.176与App_Facebook_ViewAndComment_01_FU文件中No.178md5值相同
18 Aug 2021 10:44:31 FeatureHandler.py DEBUG App_Facebook_ViewAndComment_01_PH1文件中No.193与App_Facebook_ViewAndComment_01_FU文件中No.195md5值相同
18 Aug 2021 10:44:31 FeatureHandler.py DEBUG App_Facebook_ViewAndComment_01_PH1文件中No.203与App_Facebook_ViewAndComment_01_FU文件中No.205md5值相同
18 Aug 2021 10:44:31 FeatureHandler.py DEBUG App_Facebook_ViewAndComment_01_PH1文件中No.212与App_Facebook_ViewAndComment_01_FU文件中No.214md5值相同
18 Aug 2021 10:44:31 FeatureHandler.py DEBUG App_Facebook_ViewAndComment_01_PH2文件中No.21与App_Facebook_ViewAndComment_01_ST文件中No.289md5值相同
18 Aug 2021 10:44:31 FeatureHandler.py DEBUG App_Facebook_ViewAndComment_01_PH2文件中No.27与App_Facebook_ViewAndComment_01_ST文件中No.295md5值相同
18 Aug 2021 10:44:31 FeatureHandler.py DEBUG App_Facebook_ViewAndComment_01_ST文件中No.14与App_Facebook_ViewAndComment_01_FU文件中No.16md5值相同
18 Aug 2021 10:44:31 FeatureHandler.py DEBUG App_Facebook_ViewAndComment_01_ST文件中No.16与App_Facebook_ViewAndComment_01_FU文件中No.18md5值相同
18 Aug 2021 10:44:31 FeatureHandler.py DEBUG App_Facebook_ViewAndComment_01_ST文件中No.17与App_Facebook_ViewAndComment_01_FU文件中No.19md5值相同
18 Aug 2021 10:44:31 FeatureHandler.py DEBUG App_Facebook_ViewAndComment_01_ST文件中No.20与App_Facebook_ViewAndComment_01_FU文件中No.22md5值相同
18 Aug 2021 10:44:31 FeatureHandler.py DEBUG App_Facebook_ViewAndComment_01_ST文件中No.31与App_Facebook_ViewAndComment_01_FU文件中No.33md5值相同
18 Aug 2021 10:44:31 FeatureHandler.py DEBUG App_Facebook_ViewAndComment_01_ST文件中No.46与App_Facebook_ViewAndComment_01_FU文件中No.48md5值相同
18 Aug 2021 10:44:31 FeatureHandler.py DEBUG App_Facebook_ViewAndComment_01_ST文件中No.74与App_Facebook_ViewAndComment_01_FU文件中No.76md5值相同
18 Aug 2021 10:44:31 FeatureHandler.py DEBUG App_Facebook_ViewAndComment_01_ST文件中No.76与App_Facebook_ViewAndComment_01_FU文件中No.78md5值相同
18 Aug 2021 10:44:31 FeatureHandler.py DEBUG App_Facebook_ViewAndComment_01_ST文件中No.82与App_Facebook_ViewAndComment_01_FU文件中No.84md5值相同
18 Aug 2021 10:44:31 FeatureHandler.py DEBUG App_Facebook_ViewAndComment_01_ST文件中No.85与App_Facebook_ViewAndComment_01_FU文件中No.87md5值相同
18 Aug 2021 10:44:31 FeatureHandler.py DEBUG App_Facebook_ViewAndComment_01_ST文件中No.96与App_Facebook_ViewAndComment_01_FU文件中No.98md5值相同
18 Aug 2021 10:44:31 FeatureHandler.py DEBUG App_Facebook_ViewAndComment_01_ST文件中No.105与App_Facebook_ViewAndComment_01_FU文件中No.107md5值相同
18 Aug 2021 10:44:31 FeatureHandler.py DEBUG App_Facebook_ViewAndComment_01_ST文件中No.109与App_Facebook_ViewAndComment_01_FU文件中No.111md5值相同
18 Aug 2021 10:44:31 FeatureHandler.py DEBUG App_Facebook_ViewAndComment_01_ST文件中No.132与App_Facebook_ViewAndComment_01_FU文件中No.134md5值相同
18 Aug 2021 10:44:31 FeatureHandler.py DEBUG App_Facebook_ViewAndComment_01_ST文件中No.176与App_Facebook_ViewAndComment_01_FU文件中No.178md5值相同
18 Aug 2021 10:44:31 FeatureHandler.py DEBUG App_Facebook_ViewAndComment_01_ST文件中No.193与App_Facebook_ViewAndComment_01_FU文件中No.195md5值相同
18 Aug 2021 10:44:31 FeatureHandler.py DEBUG App_Facebook_ViewAndComment_01_ST文件中No.203与App_Facebook_ViewAndComment_01_FU文件中No.205md5值相同
18 Aug 2021 10:44:31 FeatureHandler.py DEBUG App_Facebook_ViewAndComment_01_ST文件中No.212与App_Facebook_ViewAndComment_01_FU文件中No.214md5值相同
18 Aug 2021 10:44:32 FeatureHandler.py INFO [200-300]-32-All_MD5目录处理完成
18 Aug 2021 10:44:32 FeatureHandler.py INFO [200-300]-32-All_FEATURE目录处理完成
18 Aug 2021 18:07:46 FileHandler.py INFO 创建目录：[200-300]-32-All_MD5
18 Aug 2021 18:07:46 FileHandler.py INFO 创建目录：[200-300]-32-All_FEATURE
18 Aug 2021 18:07:46 PcapFileParser.py DEBUG App_Facebook_Post_01_ST.pcapng文件处理完成，共包含10832个Block,10830个packet。其中有20个packet满足条件，并写入文件中
18 Aug 2021 18:07:46 PcapFileParser.py DEBUG App_Facebook_ViewAndComment_01_ST.pcapng文件处理完成，共包含12201个Block,12198个packet。其中有20个packet满足条件，并写入文件中
18 Aug 2021 18:07:46 PcapFileParser.py DEBUG App_PayPal_ViewNotification_ST.pcapng文件处理完成，共包含1104个Block,1101个packet。其中有20个packet满足条件，并写入文件中
18 Aug 2021 18:07:46 PcapFileParser.py DEBUG App_Youtube_Upload_01_ST.pcapng文件处理完成，共包含1698个Block,1696个packet。其中有20个packet满足条件，并写入文件中
18 Aug 2021 18:07:46 PcapFileParser.py DEBUG App_Youtube_WatchAndComment_01_ST.pcapng文件处理完成，共包含15385个Block,15382个packet。其中有20个packet满足条件，并写入文件中
18 Aug 2021 18:07:46 FeatureHandler.py DEBUG C:\Users\a9241\Desktop\Learning materials\研究生\抓包任务20210611\AllStoryFiles\[200-300]-32-All_MD5目录下的json文件有：['App_Facebook_Post_01_ST.json', 'App_Facebook_ViewAndComment_01_ST.json', 'App_PayPal_ViewNotification_ST.json', 'App_Youtube_Upload_01_ST.json', 'App_Youtube_WatchAndComment_01_ST.json']
18 Aug 2021 18:07:46 FeatureHandler.py INFO [200-300]-32-All_MD5目录处理完成
18 Aug 2021 18:07:46 FeatureHandler.py INFO [200-300]-32-All_FEATURE目录处理完成
18 Aug 2021 18:07:46 FileHandler.py INFO 创建目录：[100-200]-32-All_MD5
18 Aug 2021 18:07:46 FileHandler.py INFO 创建目录：[100-200]-32-All_FEATURE
18 Aug 2021 18:07:46 PcapFileParser.py DEBUG App_Facebook_Post_01_ST.pcapng文件处理完成，共包含10832个Block,10830个packet。其中有20个packet满足条件，并写入文件中
18 Aug 2021 18:07:46 PcapFileParser.py DEBUG App_Facebook_ViewAndComment_01_ST.pcapng文件处理完成，共包含12201个Block,12198个packet。其中有20个packet满足条件，并写入文件中
18 Aug 2021 18:07:46 PcapFileParser.py DEBUG App_PayPal_ViewNotification_ST.pcapng文件处理完成，共包含1104个Block,1101个packet。其中有20个packet满足条件，并写入文件中
18 Aug 2021 18:07:46 PcapFileParser.py DEBUG App_Youtube_Upload_01_ST.pcapng文件处理完成，共包含1698个Block,1696个packet。其中有20个packet满足条件，并写入文件中
18 Aug 2021 18:07:46 PcapFileParser.py DEBUG App_Youtube_WatchAndComment_01_ST.pcapng文件处理完成，共包含15385个Block,15382个packet。其中有20个packet满足条件，并写入文件中
18 Aug 2021 18:07:46 FeatureHandler.py DEBUG C:\Users\a9241\Desktop\Learning materials\研究生\抓包任务20210611\AllStoryFiles\[100-200]-32-All_MD5目录下的json文件有：['App_Facebook_Post_01_ST.json', 'App_Facebook_ViewAndComment_01_ST.json', 'App_PayPal_ViewNotification_ST.json', 'App_Youtube_Upload_01_ST.json', 'App_Youtube_WatchAndComment_01_ST.json']
18 Aug 2021 18:07:46 FeatureHandler.py INFO [100-200]-32-All_MD5目录处理完成
18 Aug 2021 18:07:46 FeatureHandler.py INFO [100-200]-32-All_FEATURE目录处理完成
18 Aug 2021 19:01:31 FileHandler.py INFO 创建目录：[200-300]-32-All_MD5
18 Aug 2021 19:01:31 FileHandler.py INFO 创建目录：[200-300]-32-All_FEATURE
18 Aug 2021 19:01:31 PcapFileParser.py DEBUG APP_WhatsAPP_chat01_ST.pcap文件处理完成，共包含73个Block,70个packet。其中有2个packet满足条件，并写入文件中
18 Aug 2021 19:01:31 PcapFileParser.py DEBUG APP_WhatsAPP_status01_ST.pcap文件处理完成，共包含112个Block,109个packet。其中有1个packet满足条件，并写入文件中
18 Aug 2021 19:02:14 FileHandler.py INFO 创建目录：[200-300]-32-All_MD5
18 Aug 2021 19:02:14 FileHandler.py INFO 创建目录：[200-300]-32-All_FEATURE
18 Aug 2021 19:02:14 PcapFileParser.py DEBUG APP_WhatsAPP_chat01_ST.pcap文件处理完成，共包含73个Block,70个packet。其中有2个packet满足条件，并写入文件中
18 Aug 2021 19:02:14 PcapFileParser.py DEBUG APP_WhatsAPP_status01_ST.pcap文件处理完成，共包含112个Block,109个packet。其中有1个packet满足条件，并写入文件中
18 Aug 2021 19:07:32 FileHandler.py INFO [200-300]-32-All_MD5目录已存在
18 Aug 2021 19:07:32 FileHandler.py INFO [200-300]-32-All_FEATURE目录已存在
18 Aug 2021 19:07:56 PcapFileParser.py DEBUG APP_WhatsAPP_chat01_ST.pcap文件处理完成，共包含73个Block,70个packet。其中有2个packet满足条件，并写入文件中
18 Aug 2021 19:08:00 PcapFileParser.py DEBUG APP_WhatsAPP_status01_ST.pcap文件处理完成，共包含112个Block,109个packet。其中有1个packet满足条件，并写入文件中
18 Aug 2021 19:08:36 FileHandler.py INFO [200-300]-32-All_MD5目录已存在
18 Aug 2021 19:08:36 FileHandler.py INFO [200-300]-32-All_FEATURE目录已存在
18 Aug 2021 19:08:39 PcapFileParser.py DEBUG APP_WhatsAPP_chat01_ST.pcap文件处理完成，共包含73个Block,70个packet。其中有2个packet满足条件，并写入文件中
18 Aug 2021 19:08:41 PcapFileParser.py DEBUG APP_WhatsAPP_status01_ST.pcap文件处理完成，共包含112个Block,109个packet。其中有1个packet满足条件，并写入文件中
18 Aug 2021 19:49:09 FileHandler.py INFO [200-300]-32-All_MD5目录已存在
18 Aug 2021 19:49:09 FileHandler.py INFO [200-300]-32-All_FEATURE目录已存在
18 Aug 2021 19:49:09 PcapFileParser.py DEBUG APP_WhatsAPP_chat01_ST.pcap文件处理完成，共包含73个Block,70个packet。其中有2个packet满足条件，并写入文件中
18 Aug 2021 19:49:09 PcapFileParser.py DEBUG APP_WhatsAPP_status01_ST.pcap文件处理完成，共包含112个Block,109个packet。其中有1个packet满足条件，并写入文件中
18 Aug 2021 19:49:09 PcapFileParser.py DEBUG search_bing_viewweb_001_ST .pcap文件处理完成，共包含1857个Block,1854个packet。其中有20个packet满足条件，并写入文件中
18 Aug 2021 19:49:09 PcapFileParser.py DEBUG VideoSite_YouTube_SignInAndWatchAndComment_002_ST.pcap文件处理完成，共包含18900个Block,18897个packet。其中有20个packet满足条件，并写入文件中
18 Aug 2021 19:49:09 PcapFileParser.py DEBUG App_Facebook_Post_01_ST.pcapng文件处理完成，共包含10832个Block,10830个packet。其中有20个packet满足条件，并写入文件中
18 Aug 2021 19:49:09 PcapFileParser.py DEBUG App_Facebook_ViewAndComment_01_ST.pcapng文件处理完成，共包含12201个Block,12198个packet。其中有20个packet满足条件，并写入文件中
18 Aug 2021 19:49:09 PcapFileParser.py DEBUG APP_Twitter_follow01_ST.pcapng文件处理完成，共包含603个Block,600个packet。其中有13个packet满足条件，并写入文件中
18 Aug 2021 19:49:09 PcapFileParser.py DEBUG APP_Twitter_tweet01_ST.pcapng文件处理完成，共包含932个Block,929个packet。其中有9个packet满足条件，并写入文件中
18 Aug 2021 19:49:09 PcapFileParser.py DEBUG App_Youtube_Upload_01_ST.pcapng文件处理完成，共包含1698个Block,1696个packet。其中有20个packet满足条件，并写入文件中
18 Aug 2021 19:49:10 PcapFileParser.py DEBUG Game_dota2_matchagame_001_ST.pcapng文件处理完成，共包含43217个Block,43213个packet。其中有20个packet满足条件，并写入文件中
18 Aug 2021 19:49:10 PcapFileParser.py DEBUG search_google_viewweb_001_ST.pcapng文件处理完成，共包含4680个Block,4677个packet。其中有20个packet满足条件，并写入文件中
18 Aug 2021 19:49:10 PcapFileParser.py DEBUG VideoSite_YouTube_SignInAndWatchVideo_001_ST.pcapng文件处理完成，共包含15784个Block,15781个packet。其中有20个packet满足条件，并写入文件中
18 Aug 2021 19:49:10 FeatureHandler.py DEBUG C:\Users\a9241\Desktop\Learning materials\研究生\抓包任务20210611\test\[200-300]-32-All_MD5目录下的json文件有：['App_Facebook_Post_01_ST.json', 'App_Facebook_ViewAndComment_01_ST.json', 'APP_Twitter_follow01_ST.json', 'APP_Twitter_tweet01_ST.json', 'APP_WhatsAPP_chat01_ST.json', 'APP_WhatsAPP_status01_ST.json', 'App_Youtube_Upload_01_ST.json', 'Game_dota2_matchagame_001_ST.json', 'search_bing_viewweb_001_ST .json', 'search_google_viewweb_001_ST.json', 'VideoSite_YouTube_SignInAndWatchAndComment_002_ST.json', 'VideoSite_YouTube_SignInAndWatchVideo_001_ST.json']
18 Aug 2021 19:49:10 FeatureHandler.py INFO [200-300]-32-All_MD5目录处理完成
18 Aug 2021 19:49:10 FeatureHandler.py INFO [200-300]-32-All_FEATURE目录处理完成
18 Aug 2021 19:49:10 FileHandler.py INFO 创建目录：[100-200]-32-All_MD5
18 Aug 2021 19:49:10 FileHandler.py INFO 创建目录：[100-200]-32-All_FEATURE
18 Aug 2021 19:49:10 PcapFileParser.py DEBUG APP_WhatsAPP_chat01_ST.pcap文件处理完成，共包含73个Block,70个packet。其中有20个packet满足条件，并写入文件中
18 Aug 2021 19:49:10 PcapFileParser.py DEBUG APP_WhatsAPP_status01_ST.pcap文件处理完成，共包含112个Block,109个packet。其中有20个packet满足条件，并写入文件中
18 Aug 2021 19:49:10 PcapFileParser.py DEBUG search_bing_viewweb_001_ST .pcap文件处理完成，共包含1857个Block,1854个packet。其中有20个packet满足条件，并写入文件中
18 Aug 2021 19:49:10 PcapFileParser.py DEBUG VideoSite_YouTube_SignInAndWatchAndComment_002_ST.pcap文件处理完成，共包含18900个Block,18897个packet。其中有20个packet满足条件，并写入文件中
18 Aug 2021 19:49:10 PcapFileParser.py DEBUG App_Facebook_Post_01_ST.pcapng文件处理完成，共包含10832个Block,10830个packet。其中有20个packet满足条件，并写入文件中
18 Aug 2021 19:49:10 PcapFileParser.py DEBUG App_Facebook_ViewAndComment_01_ST.pcapng文件处理完成，共包含12201个Block,12198个packet。其中有20个packet满足条件，并写入文件中
18 Aug 2021 19:49:10 PcapFileParser.py DEBUG APP_Twitter_follow01_ST.pcapng文件处理完成，共包含603个Block,600个packet。其中有20个packet满足条件，并写入文件中
18 Aug 2021 19:49:10 PcapFileParser.py DEBUG APP_Twitter_tweet01_ST.pcapng文件处理完成，共包含932个Block,929个packet。其中有20个packet满足条件，并写入文件中
18 Aug 2021 19:49:10 PcapFileParser.py DEBUG App_Youtube_Upload_01_ST.pcapng文件处理完成，共包含1698个Block,1696个packet。其中有20个packet满足条件，并写入文件中
18 Aug 2021 19:49:10 PcapFileParser.py DEBUG Game_dota2_matchagame_001_ST.pcapng文件处理完成，共包含43217个Block,43213个packet。其中有20个packet满足条件，并写入文件中
18 Aug 2021 19:49:10 PcapFileParser.py DEBUG search_google_viewweb_001_ST.pcapng文件处理完成，共包含4680个Block,4677个packet。其中有20个packet满足条件，并写入文件中
18 Aug 2021 19:49:10 PcapFileParser.py DEBUG VideoSite_YouTube_SignInAndWatchVideo_001_ST.pcapng文件处理完成，共包含15784个Block,15781个packet。其中有20个packet满足条件，并写入文件中
18 Aug 2021 19:49:10 FeatureHandler.py DEBUG C:\Users\a9241\Desktop\Learning materials\研究生\抓包任务20210611\test\[100-200]-32-All_MD5目录下的json文件有：['App_Facebook_Post_01_ST.json', 'App_Facebook_ViewAndComment_01_ST.json', 'APP_Twitter_follow01_ST.json', 'APP_Twitter_tweet01_ST.json', 'APP_WhatsAPP_chat01_ST.json', 'APP_WhatsAPP_status01_ST.json', 'App_Youtube_Upload_01_ST.json', 'Game_dota2_matchagame_001_ST.json', 'search_bing_viewweb_001_ST .json', 'search_google_viewweb_001_ST.json', 'VideoSite_YouTube_SignInAndWatchAndComment_002_ST.json', 'VideoSite_YouTube_SignInAndWatchVideo_001_ST.json']
18 Aug 2021 19:49:10 FeatureHandler.py INFO [100-200]-32-All_MD5目录处理完成
18 Aug 2021 19:49:10 FeatureHandler.py INFO [100-200]-32-All_FEATURE目录处理完成
